Removed Pin From Net: NetName=GND Pin=C9-2
Removed Pin From Net: NetName=GND Pin=J1-3
Removed Pin From Net: NetName=GND Pin=R1-1
Added Component: Designator=J30(GRPB052VWQP-RC)
Added Component: Designator=U6(BLE112-A-V1)
Added Pin To Net: NetName=GND Pin=J30-1
Added Pin To Net: NetName=3.3V Pin=J30-2
Added Pin To Net: NetName=GND Pin=U6-1
Added Pin To Net: NetName=3.3V Pin=U6-2
Added Pin To Net: NetName=3.3V Pin=U6-3
Added Pin To Net: NetName=TX Pin=U6-7
Added Pin To Net: NetName=RX Pin=U6-8
Added Pin To Net: NetName=GND Pin=U6-10
Added Pin To Net: NetName=3.3V Pin=U6-20
Added Pin To Net: NetName=GND Pin=U6-21
Added Pin To Net: NetName=SCLK Pin=U6-23
Added Pin To Net: NetName=MOSI Pin=U6-25
Added Pin To Net: NetName=MISO Pin=U6-26
Added Pin To Net: NetName=CS2 Pin=U6-27
Added Pin To Net: NetName=CS1 Pin=U6-28
Added Pin To Net: NetName=GND Pin=U6-30
Change Net Name : Old Net Name=BLE_RX New Net Name=ICSPDAT
Change Net Name : Old Net Name=BLE_TX New Net Name=ICSPCLK
Added Pin To Net: NetName=NetJ1_2 Pin=J1-2
Added Pin To Net: NetName=NetJ1_2 Pin=R2-1
Added Net: Name=NetJ1_2
Added Pin To Net: NetName=NetJ1_3 Pin=J1-3
Added Pin To Net: NetName=NetJ1_3 Pin=R1-1
Added Net: Name=NetJ1_3
Added Pin To Net: NetName=P2_1 Pin=J30-4
Added Pin To Net: NetName=P2_1 Pin=U6-5
Added Net: Name=P2_1
Added Pin To Net: NetName=P2_2 Pin=J30-3
Added Pin To Net: NetName=P2_2 Pin=U6-4
Added Net: Name=P2_2
Added Pin To Net: NetName=RESET Pin=J30-7
Added Pin To Net: NetName=RESET Pin=U6-29
Added Net: Name=RESET
Added Pin To Net: NetName=USB_D+ Pin=C10-2
Added Pin To Net: NetName=USB_D+ Pin=R1-2
Added Pin To Net: NetName=USB_D+ Pin=U1-6
Added Pin To Net: NetName=USB_D+ Pin=U6-11
Added Net: Name=USB_D+
Added Pin To Net: NetName=USB_D- Pin=C9-2
Added Pin To Net: NetName=USB_D- Pin=R2-2
Added Pin To Net: NetName=USB_D- Pin=U1-7
Added Pin To Net: NetName=USB_D- Pin=U6-12
Added Net: Name=USB_D-
Added Member To Class: ClassName=Sheet Member=Component J30 GRPB052VWQP-RC
Added Member To Class: ClassName=Sheet Member=Component U6 BLE112-A-V1
