Removed Pin From Net: NetName=3.3V Pin=U1-1
Removed Pin From Net: NetName=3.3V Pin=U1-8
Removed Pin From Net: NetName=3.3V Pin=U1-10
Added Component: Designator=J?(MOLEX-503480-1000)
Added Pin To Net: NetName=GND Pin=C9-2
Added Pin To Net: NetName=GND Pin=J1-3
Added Pin To Net: NetName=3.3V Pin=J?-1
Added Pin To Net: NetName=MOSI Pin=J?-2
Added Pin To Net: NetName=MISO Pin=J?-3
Added Pin To Net: NetName=SCLK Pin=J?-4
Added Pin To Net: NetName=CS1 Pin=J?-5
Added Pin To Net: NetName=GND Pin=R1-1
Added Pin To Net: NetName=INT_1 Pin=J?-6
Added Pin To Net: NetName=INT_1 Pin=U2-17
Added Pin To Net: NetName=INT_1 Pin=U4-18
Added Net: Name=INT_1
Added Pin To Net: NetName=INT_2 Pin=U3-17
Added Pin To Net: NetName=INT_2 Pin=U4-19
Added Net: Name=INT_2
Added Pin To Net: NetName=NetU1_1 Pin=U1-1
Added Pin To Net: NetName=NetU1_1 Pin=U1-8
Added Pin To Net: NetName=NetU1_1 Pin=U1-10
Added Net: Name=NetU1_1
Added Member To Class: ClassName=Sheet Member=Component J? Header 10 pin
