

Microchip Technology PIC18 LITE Macro Assembler V1.38 build -256452561 
                                                                                               Tue Dec 20 17:59:59 2016

Microchip Technology Omniscient Code Generator v1.38 (Free mode) build 201607010351
     1                           	processor	18F87J10
     2                           	fnconf	rparam,??,?,0
     3                           	opt	pw 120
     4                           	opt	lm
     5                           	psect	cinit,global,reloc=2,class=CODE,delta=1
     6                           	psect	cstackCOMRAM,global,class=COMRAM,space=1,delta=1
     7                           	psect	text0,global,reloc=2,class=CODE,delta=1
     8                           	psect	text1,global,reloc=2,class=CODE,delta=1
     9                           	psect	text2,global,reloc=2,class=CODE,delta=1
    10                           	psect	text3,global,reloc=2,class=CODE,delta=1
    11                           	psect	text4,global,reloc=2,class=CODE,delta=1
    12                           	psect	intsave_regs,global,class=BIGRAM,space=1,delta=1
    13                           	psect	rparam,global,class=COMRAM,space=1,delta=1
    14  0000                     _PIE1bits	set	3997
    15  0000                     _PORTCbits	set	3970
    16  0000                     _PORTDbits	set	3971
    17  0000                     _PORTEbits	set	3972
    18  0000                     _RCSTAbits	set	4011
    19  0000                     _SPBRG	set	4015
    20  0000                     _SSP1BUF	set	4041
    21  0000                     _SSP1CON1bits	set	4038
    22  0000                     _SSP1STATbits	set	4039
    23  0000                     _TRISA	set	3986
    24  0000                     _TRISB	set	3987
    25  0000                     _TRISC	set	3988
    26  0000                     _TRISD	set	3989
    27  0000                     _TRISE	set	3990
    28  0000                     _TRISF	set	3991
    29  0000                     _TXSTA	set	4012
    30                           
    31                           ; #config settings
    32  0000                     
    33                           	psect	cinit
    34  01FEB2                     __pcinit:
    35                           	opt stack 0
    36  01FEB2                     start_initialization:
    37                           	opt stack 0
    38  01FEB2                     __initialization:
    39                           	opt stack 0
    40  01FEB2                     end_of_initialization:
    41                           	opt stack 0
    42  01FEB2                     __end_of__initialization:
    43                           	opt stack 0
    44  01FEB2  0100               	movlb	0
    45  01FEB4  EF7B  F0FF         	goto	_main	;jump to C main() function
    46                           
    47                           	psect	cstackCOMRAM
    48  000001                     __pcstackCOMRAM:
    49                           	opt stack 0
    50  000001                     ?___awdiv:
    51                           	opt stack 0
    52  000001                     send_spi@signal:
    53                           	opt stack 0
    54  000001                     ___awdiv@dividend:
    55                           	opt stack 0
    56                           
    57                           ; 2 bytes @ 0x0
    58  000001                     	ds	2
    59  000003                     send_spi@x:
    60                           	opt stack 0
    61  000003                     ___awdiv@divisor:
    62                           	opt stack 0
    63                           
    64                           ; 2 bytes @ 0x2
    65  000003                     	ds	2
    66  000005                     ___awdiv@counter:
    67                           	opt stack 0
    68  000005                     send_spi@y:
    69                           	opt stack 0
    70                           
    71                           ; 2 bytes @ 0x4
    72  000005                     	ds	1
    73  000006                     ___awdiv@sign:
    74                           	opt stack 0
    75                           
    76                           ; 1 bytes @ 0x5
    77  000006                     	ds	1
    78  000007                     ___awdiv@quotient:
    79                           	opt stack 0
    80                           
    81                           ; 2 bytes @ 0x6
    82  000007                     	ds	2
    83  000009                     delay_ms@n:
    84                           	opt stack 0
    85                           
    86                           ; 2 bytes @ 0x8
    87  000009                     	ds	2
    88  00000B                     ??_delay_ms:
    89                           
    90                           ; 1 bytes @ 0xA
    91  00000B                     	ds	1
    92  00000C                     delay_ms@j:
    93                           	opt stack 0
    94                           
    95                           ; 2 bytes @ 0xB
    96  00000C                     	ds	2
    97  00000E                     main@signal:
    98                           	opt stack 0
    99                           
   100                           ; 2 bytes @ 0xD
   101  00000E                     	ds	2
   102                           
   103 ;;
   104 ;;Main: autosize = 0, tempsize = 0, incstack = 0, save=0
   105 ;;
   106 ;; *************** function _main *****************
   107 ;; Defined at:
   108 ;;		line 5 in file "main.c"
   109 ;; Parameters:    Size  Location     Type
   110 ;;		None
   111 ;; Auto vars:     Size  Location     Type
   112 ;;  signal          2   13[COMRAM] unsigned int 
   113 ;; Return value:  Size  Location     Type
   114 ;;                  1    wreg      void 
   115 ;; Registers used:
   116 ;;		wreg, status,2, status,0, cstack
   117 ;; Tracked objects:
   118 ;;		On entry : 0/0
   119 ;;		On exit  : 0/0
   120 ;;		Unchanged: 0/0
   121 ;; Data sizes:     COMRAM   BANK0   BANK1   BANK2   BANK3   BANK4   BANK5   BANK6   BANK7   BANK8   BANK9  BANK10  BANK1
      +1  BANK12  BANK13  BANK14  BANK15
   122 ;;      Params:         0       0       0       0       0       0       0       0       0       0       0       0       
      +0       0       0       0       0
   123 ;;      Locals:         2       0       0       0       0       0       0       0       0       0       0       0       
      +0       0       0       0       0
   124 ;;      Temps:          0       0       0       0       0       0       0       0       0       0       0       0       
      +0       0       0       0       0
   125 ;;      Totals:         2       0       0       0       0       0       0       0       0       0       0       0       
      +0       0       0       0       0
   126 ;;Total ram usage:        2 bytes
   127 ;; Hardware stack levels required when called:    2
   128 ;; This function calls:
   129 ;;		_delay_ms
   130 ;;		_send_spi
   131 ;;		_setup_spi
   132 ;; This function is called by:
   133 ;;		Startup code after reset
   134 ;; This function uses a non-reentrant model
   135 ;;
   136                           
   137                           	psect	text0
   138  01FEF6                     __ptext0:
   139                           	opt stack 0
   140  01FEF6                     _main:
   141                           	opt stack 29
   142                           
   143                           ;main.c: 7: setup_spi();
   144                           
   145                           ;incstack = 0
   146  01FEF6  EC5C  F0FF         	call	_setup_spi	;wreg free
   147                           
   148                           ;main.c: 8: TRISD = 0b00000000;
   149  01FEFA  0E00               	movlw	0
   150  01FEFC  6E95               	movwf	3989,c	;volatile
   151                           
   152                           ;main.c: 9: TRISE = 0b00000000;
   153  01FEFE  0E00               	movlw	0
   154  01FF00  6E96               	movwf	3990,c	;volatile
   155                           
   156                           ;main.c: 10: PORTDbits.RD7 = 1;
   157  01FF02  8E83               	bsf	3971,7,c	;volatile
   158                           
   159                           ;main.c: 11: PORTDbits.RD6 = 0;
   160  01FF04  9C83               	bcf	3971,6,c	;volatile
   161                           
   162                           ;main.c: 12: PORTDbits.RD5 = 0;
   163  01FF06  9A83               	bcf	3971,5,c	;volatile
   164                           
   165                           ;main.c: 13: PORTDbits.RD4 = 0;
   166  01FF08  9883               	bcf	3971,4,c	;volatile
   167                           
   168                           ;main.c: 14: PORTDbits.RD3 = 0;
   169  01FF0A  9683               	bcf	3971,3,c	;volatile
   170                           
   171                           ;main.c: 15: PORTDbits.RD2 = 0;
   172  01FF0C  9483               	bcf	3971,2,c	;volatile
   173                           
   174                           ;main.c: 16: PORTDbits.RD1 = 0;
   175  01FF0E  9283               	bcf	3971,1,c	;volatile
   176                           
   177                           ;main.c: 17: PORTDbits.RD0 = 0;
   178  01FF10  9083               	bcf	3971,0,c	;volatile
   179  01FF12                     l873:
   180                           
   181                           ;main.c: 19: {
   182                           ;main.c: 22: delay_ms(1);
   183  01FF12  0E00               	movlw	0
   184  01FF14  6E0A               	movwf	delay_ms@n+1,c
   185  01FF16  0E01               	movlw	1
   186  01FF18  6E09               	movwf	delay_ms@n,c
   187  01FF1A  EC9A  F0FF         	call	_delay_ms	;wreg free
   188                           
   189                           ;main.c: 23: unsigned int signal = 1000;
   190  01FF1E  0E03               	movlw	3
   191  01FF20  6E0F               	movwf	main@signal+1,c
   192  01FF22  0EE8               	movlw	232
   193  01FF24  6E0E               	movwf	main@signal,c
   194                           
   195                           ;main.c: 24: send_spi(signal);
   196  01FF26  C00E  F001         	movff	main@signal,send_spi@signal
   197  01FF2A  C00F  F002         	movff	main@signal+1,send_spi@signal+1
   198  01FF2E  EC6A  F0FF         	call	_send_spi	;wreg free
   199  01FF32  D7EF               	goto	l873
   200  01FF34                     __end_of_main:
   201                           	opt stack 0
   202                           
   203 ;; *************** function _setup_spi *****************
   204 ;; Defined at:
   205 ;;		line 5 in file "spi.c"
   206 ;; Parameters:    Size  Location     Type
   207 ;;		None
   208 ;; Auto vars:     Size  Location     Type
   209 ;;		None
   210 ;; Return value:  Size  Location     Type
   211 ;;                  1    wreg      void 
   212 ;; Registers used:
   213 ;;		status,2, status,0
   214 ;; Tracked objects:
   215 ;;		On entry : 0/0
   216 ;;		On exit  : 0/0
   217 ;;		Unchanged: 0/0
   218 ;; Data sizes:     COMRAM   BANK0   BANK1   BANK2   BANK3   BANK4   BANK5   BANK6   BANK7   BANK8   BANK9  BANK10  BANK1
      +1  BANK12  BANK13  BANK14  BANK15
   219 ;;      Params:         0       0       0       0       0       0       0       0       0       0       0       0       
      +0       0       0       0       0
   220 ;;      Locals:         0       0       0       0       0       0       0       0       0       0       0       0       
      +0       0       0       0       0
   221 ;;      Temps:          0       0       0       0       0       0       0       0       0       0       0       0       
      +0       0       0       0       0
   222 ;;      Totals:         0       0       0       0       0       0       0       0       0       0       0       0       
      +0       0       0       0       0
   223 ;;Total ram usage:        0 bytes
   224 ;; Hardware stack levels used:    1
   225 ;; This function calls:
   226 ;;		Nothing
   227 ;; This function is called by:
   228 ;;		_main
   229 ;; This function uses a non-reentrant model
   230 ;;
   231                           
   232                           	psect	text1
   233  01FEB8                     __ptext1:
   234                           	opt stack 0
   235  01FEB8                     _setup_spi:
   236                           	opt stack 30
   237                           
   238                           ;spi.c: 7: SSP1STATbits.SMP = 0;
   239                           
   240                           ;incstack = 0
   241  01FEB8  9EC7               	bcf	4039,7,c	;volatile
   242                           
   243                           ;spi.c: 8: SSP1STATbits.CKE = 0;
   244  01FEBA  9CC7               	bcf	4039,6,c	;volatile
   245                           
   246                           ;spi.c: 10: SSP1CON1bits.WCOL = 0;
   247  01FEBC  9EC6               	bcf	4038,7,c	;volatile
   248                           
   249                           ;spi.c: 11: SSP1CON1bits.CKP = 0;
   250  01FEBE  98C6               	bcf	4038,4,c	;volatile
   251                           
   252                           ;spi.c: 12: SSP1CON1bits.SSPM3 = 0;
   253  01FEC0  96C6               	bcf	4038,3,c	;volatile
   254                           
   255                           ;spi.c: 13: SSP1CON1bits.SSPM2 = 0;
   256  01FEC2  94C6               	bcf	4038,2,c	;volatile
   257                           
   258                           ;spi.c: 14: SSP1CON1bits.SSPM1 = 1;
   259  01FEC4  82C6               	bsf	4038,1,c	;volatile
   260                           
   261                           ;spi.c: 15: SSP1CON1bits.SSPM0 = 0;
   262  01FEC6  90C6               	bcf	4038,0,c	;volatile
   263                           
   264                           ;spi.c: 17: PIE1bits.SSP1IE = 0;
   265  01FEC8  969D               	bcf	3997,3,c	;volatile
   266                           
   267                           ;spi.c: 18: SSP1CON1bits.SSPEN = 1;
   268  01FECA  8AC6               	bsf	4038,5,c	;volatile
   269                           
   270                           ;spi.c: 20: TRISC &= 0xDF;
   271  01FECC  9A94               	bcf	3988,5,c	;volatile
   272                           
   273                           ;spi.c: 21: TRISC &= 0xF7;
   274  01FECE  9694               	bcf	3988,3,c	;volatile
   275                           
   276                           ;spi.c: 23: TRISF &= 0x7F;
   277  01FED0  9E97               	bcf	3991,7,c	;volatile
   278  01FED2  0012               	return		;funcret
   279  01FED4                     __end_of_setup_spi:
   280                           	opt stack 0
   281                           
   282 ;; *************** function _send_spi *****************
   283 ;; Defined at:
   284 ;;		line 26 in file "spi.c"
   285 ;; Parameters:    Size  Location     Type
   286 ;;  signal          2    0[COMRAM] unsigned int 
   287 ;; Auto vars:     Size  Location     Type
   288 ;;  y               2    4[COMRAM] unsigned int 
   289 ;;  x               2    2[COMRAM] unsigned int 
   290 ;; Return value:  Size  Location     Type
   291 ;;                  1    wreg      void 
   292 ;; Registers used:
   293 ;;		wreg, status,2
   294 ;; Tracked objects:
   295 ;;		On entry : 0/0
   296 ;;		On exit  : 0/0
   297 ;;		Unchanged: 0/0
   298 ;; Data sizes:     COMRAM   BANK0   BANK1   BANK2   BANK3   BANK4   BANK5   BANK6   BANK7   BANK8   BANK9  BANK10  BANK1
      +1  BANK12  BANK13  BANK14  BANK15
   299 ;;      Params:         2       0       0       0       0       0       0       0       0       0       0       0       
      +0       0       0       0       0
   300 ;;      Locals:         4       0       0       0       0       0       0       0       0       0       0       0       
      +0       0       0       0       0
   301 ;;      Temps:          0       0       0       0       0       0       0       0       0       0       0       0       
      +0       0       0       0       0
   302 ;;      Totals:         6       0       0       0       0       0       0       0       0       0       0       0       
      +0       0       0       0       0
   303 ;;Total ram usage:        6 bytes
   304 ;; Hardware stack levels used:    1
   305 ;; This function calls:
   306 ;;		Nothing
   307 ;; This function is called by:
   308 ;;		_main
   309 ;; This function uses a non-reentrant model
   310 ;;
   311                           
   312                           	psect	text2
   313  01FED4                     __ptext2:
   314                           	opt stack 0
   315  01FED4                     _send_spi:
   316                           	opt stack 30
   317                           
   318                           ;spi.c: 28: PORTEbits.RE0 = 0;
   319                           
   320                           ;incstack = 0
   321  01FED4  9084               	bcf	3972,0,c	;volatile
   322                           
   323                           ;spi.c: 30: SSP1BUF = 0b00000010;
   324  01FED6  0E02               	movlw	2
   325  01FED8  6EC9               	movwf	4041,c	;volatile
   326  01FEDA                     l84:
   327  01FEDA  A0C7               	btfss	4039,0,c	;volatile
   328  01FEDC  D7FE               	goto	l84
   329                           
   330                           ;spi.c: 32: unsigned int x = SSP1BUF;
   331  01FEDE  CFC9 F003          	movff	4041,send_spi@x	;volatile
   332  01FEE2  6A04               	clrf	send_spi@x+1,c
   333                           
   334                           ;spi.c: 34: SSP1BUF = 0b00000001;
   335  01FEE4  0E01               	movlw	1
   336  01FEE6  6EC9               	movwf	4041,c	;volatile
   337  01FEE8                     l87:
   338  01FEE8  A0C7               	btfss	4039,0,c	;volatile
   339  01FEEA  D7FE               	goto	l87
   340                           
   341                           ;spi.c: 36: unsigned int y = SSP1BUF;
   342  01FEEC  CFC9 F005          	movff	4041,send_spi@y	;volatile
   343  01FEF0  6A06               	clrf	send_spi@y+1,c
   344                           
   345                           ;spi.c: 38: PORTEbits.RE0 = 1;
   346  01FEF2  8084               	bsf	3972,0,c	;volatile
   347  01FEF4  0012               	return		;funcret
   348  01FEF6                     __end_of_send_spi:
   349                           	opt stack 0
   350                           
   351 ;; *************** function _delay_ms *****************
   352 ;; Defined at:
   353 ;;		line 83 in file "micro_setup.c"
   354 ;; Parameters:    Size  Location     Type
   355 ;;  n               2    8[COMRAM] int 
   356 ;; Auto vars:     Size  Location     Type
   357 ;;  j               2   11[COMRAM] int 
   358 ;; Return value:  Size  Location     Type
   359 ;;                  1    wreg      void 
   360 ;; Registers used:
   361 ;;		wreg, status,2, status,0, cstack
   362 ;; Tracked objects:
   363 ;;		On entry : 0/0
   364 ;;		On exit  : 0/0
   365 ;;		Unchanged: 0/0
   366 ;; Data sizes:     COMRAM   BANK0   BANK1   BANK2   BANK3   BANK4   BANK5   BANK6   BANK7   BANK8   BANK9  BANK10  BANK1
      +1  BANK12  BANK13  BANK14  BANK15
   367 ;;      Params:         2       0       0       0       0       0       0       0       0       0       0       0       
      +0       0       0       0       0
   368 ;;      Locals:         2       0       0       0       0       0       0       0       0       0       0       0       
      +0       0       0       0       0
   369 ;;      Temps:          1       0       0       0       0       0       0       0       0       0       0       0       
      +0       0       0       0       0
   370 ;;      Totals:         5       0       0       0       0       0       0       0       0       0       0       0       
      +0       0       0       0       0
   371 ;;Total ram usage:        5 bytes
   372 ;; Hardware stack levels used:    1
   373 ;; Hardware stack levels required when called:    1
   374 ;; This function calls:
   375 ;;		___awdiv
   376 ;; This function is called by:
   377 ;;		_main
   378 ;; This function uses a non-reentrant model
   379 ;;
   380                           
   381                           	psect	text3
   382  01FF34                     __ptext3:
   383                           	opt stack 0
   384  01FF34                     _delay_ms:
   385                           	opt stack 29
   386                           
   387                           ;micro_setup.c: 85: int j = n/10;
   388                           
   389                           ;incstack = 0
   390  01FF34  C009  F001         	movff	delay_ms@n,___awdiv@dividend
   391  01FF38  C00A  F002         	movff	delay_ms@n+1,___awdiv@dividend+1
   392  01FF3C  0E00               	movlw	0
   393  01FF3E  6E04               	movwf	___awdiv@divisor+1,c
   394  01FF40  0E0A               	movlw	10
   395  01FF42  6E03               	movwf	___awdiv@divisor,c
   396  01FF44  ECBA  F0FF         	call	___awdiv	;wreg free
   397  01FF48  C001  F00C         	movff	?___awdiv,delay_ms@j
   398  01FF4C  C002  F00D         	movff	?___awdiv+1,delay_ms@j+1
   399                           
   400                           ;micro_setup.c: 86: while(j--)
   401  01FF50  D008               	goto	l843
   402  01FF52                     l841:
   403                           
   404                           ;micro_setup.c: 87: {
   405                           ;micro_setup.c: 88: _delay((unsigned long)((10)*(10000000/4000.0)));
   406  01FF52  0E21               	movlw	33
   407  01FF54  6E0B               	movwf	??_delay_ms& (0+255),c
   408  01FF56  0E76               	movlw	118
   409  01FF58                     u197:
   410  01FF58  2EE8               	decfsz	wreg,f,c
   411  01FF5A  D7FE               	goto	u197
   412  01FF5C  2E0B               	decfsz	??_delay_ms& (0+255),f,c
   413  01FF5E  D7FC               	goto	u197
   414  01FF60  D000               	nop2	
   415  01FF62                     l843:
   416  01FF62  060C               	decf	delay_ms@j,f,c
   417  01FF64  A0D8               	btfss	status,0,c
   418  01FF66  060D               	decf	delay_ms@j+1,f,c
   419  01FF68  280C               	incf	delay_ms@j,w,c
   420  01FF6A  E1F3               	bnz	l841
   421  01FF6C  280D               	incf	delay_ms@j+1,w,c
   422  01FF6E  B4D8               	btfsc	status,2,c
   423  01FF70  0012               	return	
   424  01FF72  D7EF               	goto	l841
   425  01FF74                     __end_of_delay_ms:
   426                           	opt stack 0
   427                           wreg	equ	0xFE8
   428                           status	equ	0xFD8
   429                           
   430 ;; *************** function ___awdiv *****************
   431 ;; Defined at:
   432 ;;		line 8 in file "C:\Program Files (x86)\Microchip\xc8\v1.38\sources\common\awdiv.c"
   433 ;; Parameters:    Size  Location     Type
   434 ;;  dividend        2    0[COMRAM] int 
   435 ;;  divisor         2    2[COMRAM] int 
   436 ;; Auto vars:     Size  Location     Type
   437 ;;  quotient        2    6[COMRAM] int 
   438 ;;  sign            1    5[COMRAM] unsigned char 
   439 ;;  counter         1    4[COMRAM] unsigned char 
   440 ;; Return value:  Size  Location     Type
   441 ;;                  2    0[COMRAM] int 
   442 ;; Registers used:
   443 ;;		wreg, status,2, status,0
   444 ;; Tracked objects:
   445 ;;		On entry : 0/0
   446 ;;		On exit  : 0/0
   447 ;;		Unchanged: 0/0
   448 ;; Data sizes:     COMRAM   BANK0   BANK1   BANK2   BANK3   BANK4   BANK5   BANK6   BANK7   BANK8   BANK9  BANK10  BANK1
      +1  BANK12  BANK13  BANK14  BANK15
   449 ;;      Params:         4       0       0       0       0       0       0       0       0       0       0       0       
      +0       0       0       0       0
   450 ;;      Locals:         4       0       0       0       0       0       0       0       0       0       0       0       
      +0       0       0       0       0
   451 ;;      Temps:          0       0       0       0       0       0       0       0       0       0       0       0       
      +0       0       0       0       0
   452 ;;      Totals:         8       0       0       0       0       0       0       0       0       0       0       0       
      +0       0       0       0       0
   453 ;;Total ram usage:        8 bytes
   454 ;; Hardware stack levels used:    1
   455 ;; This function calls:
   456 ;;		Nothing
   457 ;; This function is called by:
   458 ;;		_delay_ms
   459 ;; This function uses a non-reentrant model
   460 ;;
   461                           
   462                           	psect	text4
   463  01FF74                     __ptext4:
   464                           	opt stack 0
   465  01FF74                     ___awdiv:
   466                           	opt stack 29
   467                           
   468                           ;incstack = 0
   469  01FF74  0E00               	movlw	0
   470  01FF76  6E06               	movwf	___awdiv@sign,c
   471  01FF78  AE04               	btfss	___awdiv@divisor+1,7,c
   472  01FF7A  D006               	goto	l803
   473  01FF7C  6C03               	negf	___awdiv@divisor,c
   474  01FF7E  1E04               	comf	___awdiv@divisor+1,f,c
   475  01FF80  B0D8               	btfsc	status,0,c
   476  01FF82  2A04               	incf	___awdiv@divisor+1,f,c
   477  01FF84  0E01               	movlw	1
   478  01FF86  6E06               	movwf	___awdiv@sign,c
   479  01FF88                     l803:
   480  01FF88  AE02               	btfss	___awdiv@dividend+1,7,c
   481  01FF8A  D006               	goto	l809
   482  01FF8C  6C01               	negf	___awdiv@dividend,c
   483  01FF8E  1E02               	comf	___awdiv@dividend+1,f,c
   484  01FF90  B0D8               	btfsc	status,0,c
   485  01FF92  2A02               	incf	___awdiv@dividend+1,f,c
   486  01FF94  0E01               	movlw	1
   487  01FF96  1A06               	xorwf	___awdiv@sign,f,c
   488  01FF98                     l809:
   489  01FF98  0E00               	movlw	0
   490  01FF9A  6E08               	movwf	___awdiv@quotient+1,c
   491  01FF9C  0E00               	movlw	0
   492  01FF9E  6E07               	movwf	___awdiv@quotient,c
   493  01FFA0  5003               	movf	___awdiv@divisor,w,c
   494  01FFA2  1004               	iorwf	___awdiv@divisor+1,w,c
   495  01FFA4  B4D8               	btfsc	status,2,c
   496  01FFA6  D01C               	goto	l831
   497  01FFA8  0E01               	movlw	1
   498  01FFAA  6E05               	movwf	___awdiv@counter,c
   499  01FFAC  D004               	goto	l817
   500  01FFAE                     l815:
   501  01FFAE  90D8               	bcf	status,0,c
   502  01FFB0  3603               	rlcf	___awdiv@divisor,f,c
   503  01FFB2  3604               	rlcf	___awdiv@divisor+1,f,c
   504  01FFB4  2A05               	incf	___awdiv@counter,f,c
   505  01FFB6                     l817:
   506  01FFB6  AE04               	btfss	___awdiv@divisor+1,7,c
   507  01FFB8  D7FA               	goto	l815
   508  01FFBA                     l819:
   509  01FFBA  90D8               	bcf	status,0,c
   510  01FFBC  3607               	rlcf	___awdiv@quotient,f,c
   511  01FFBE  3608               	rlcf	___awdiv@quotient+1,f,c
   512  01FFC0  5003               	movf	___awdiv@divisor,w,c
   513  01FFC2  5C01               	subwf	___awdiv@dividend,w,c
   514  01FFC4  5004               	movf	___awdiv@divisor+1,w,c
   515  01FFC6  5802               	subwfb	___awdiv@dividend+1,w,c
   516  01FFC8  A0D8               	btfss	status,0,c
   517  01FFCA  D005               	goto	l827
   518  01FFCC  5003               	movf	___awdiv@divisor,w,c
   519  01FFCE  5E01               	subwf	___awdiv@dividend,f,c
   520  01FFD0  5004               	movf	___awdiv@divisor+1,w,c
   521  01FFD2  5A02               	subwfb	___awdiv@dividend+1,f,c
   522  01FFD4  8007               	bsf	___awdiv@quotient,0,c
   523  01FFD6                     l827:
   524  01FFD6  90D8               	bcf	status,0,c
   525  01FFD8  3204               	rrcf	___awdiv@divisor+1,f,c
   526  01FFDA  3203               	rrcf	___awdiv@divisor,f,c
   527  01FFDC  2E05               	decfsz	___awdiv@counter,f,c
   528  01FFDE  D7ED               	goto	l819
   529  01FFE0                     l831:
   530  01FFE0  5006               	movf	___awdiv@sign,w,c
   531  01FFE2  B4D8               	btfsc	status,2,c
   532  01FFE4  D004               	goto	l835
   533  01FFE6  6C07               	negf	___awdiv@quotient,c
   534  01FFE8  1E08               	comf	___awdiv@quotient+1,f,c
   535  01FFEA  B0D8               	btfsc	status,0,c
   536  01FFEC  2A08               	incf	___awdiv@quotient+1,f,c
   537  01FFEE                     l835:
   538  01FFEE  C007  F001         	movff	___awdiv@quotient,?___awdiv
   539  01FFF2  C008  F002         	movff	___awdiv@quotient+1,?___awdiv+1
   540  01FFF6  0012               	return	
   541  01FFF8                     __end_of___awdiv:
   542                           	opt stack 0
   543  0000                     wreg	equ	0xFE8
   544                           status	equ	0xFD8
   545                           wreg	equ	0xFE8
   546                           status	equ	0xFD8
   547                           
   548                           	psect	rparam
   549  0000                     wreg	equ	0xFE8
   550                           status	equ	0xFD8


Data Sizes:
    Strings     0
    Constant    0
    Data        0
    BSS         0
    Persistent  0
    Stack       0

Auto Spaces:
    Space          Size  Autos    Used
    COMRAM           95     15      15
    BANK0           160      0       0
    BANK1           256      0       0
    BANK2           256      0       0
    BANK3           256      0       0
    BANK4           256      0       0
    BANK5           256      0       0
    BANK6           256      0       0
    BANK7           256      0       0
    BANK8           256      0       0
    BANK9           256      0       0
    BANK10          256      0       0
    BANK11          256      0       0
    BANK12          256      0       0
    BANK13          256      0       0
    BANK14          256      0       0
    BANK15           96      0       0

Pointer List with Targets:

    None.

Critical Paths under _main in COMRAM

    _main->_delay_ms
    _delay_ms->___awdiv

Critical Paths under _main in BANK0

    None.

Critical Paths under _main in BANK1

    None.

Critical Paths under _main in BANK2

    None.

Critical Paths under _main in BANK3

    None.

Critical Paths under _main in BANK4

    None.

Critical Paths under _main in BANK5

    None.

Critical Paths under _main in BANK6

    None.

Critical Paths under _main in BANK7

    None.

Critical Paths under _main in BANK8

    None.

Critical Paths under _main in BANK9

    None.

Critical Paths under _main in BANK10

    None.

Critical Paths under _main in BANK11

    None.

Critical Paths under _main in BANK12

    None.

Critical Paths under _main in BANK13

    None.

Critical Paths under _main in BANK14

    None.

Critical Paths under _main in BANK15

    None.

Call Graph Tables:

 ---------------------------------------------------------------------------------
 (Depth) Function   	        Calls       Base Space   Used Autos Params    Refs
 ---------------------------------------------------------------------------------
 (0) _main                                                 2     2      0     542
                                             13 COMRAM     2     2      0
                           _delay_ms
                           _send_spi
                          _setup_spi
 ---------------------------------------------------------------------------------
 (1) _setup_spi                                            0     0      0       0
 ---------------------------------------------------------------------------------
 (1) _send_spi                                             6     4      2      45
                                              0 COMRAM     6     4      2
 ---------------------------------------------------------------------------------
 (1) _delay_ms                                             5     3      2     474
                                              8 COMRAM     5     3      2
                            ___awdiv
 ---------------------------------------------------------------------------------
 (2) ___awdiv                                              8     4      4     386
                                              0 COMRAM     8     4      4
 ---------------------------------------------------------------------------------
 Estimated maximum stack depth 2
 ---------------------------------------------------------------------------------

 Call Graph Graphs:

 _main (ROOT)
   _delay_ms
     ___awdiv
   _send_spi
   _setup_spi

 Address spaces:
Name               Size   Autos  Total    Cost      Usage
BITCOMRAM           5F      0       0       0        0.0%
NULL                 0      0       0       0        0.0%
CODE                 0      0       0       0        0.0%
COMRAM              5F      F       F       1       15.8%
STACK                0      0       0       2        0.0%
DATA                 0      0       0       3        0.0%
BITBANK0            A0      0       0       4        0.0%
BANK0               A0      0       0       5        0.0%
BITBANK1           100      0       0       6        0.0%
BANK1              100      0       0       7        0.0%
BITBANK2           100      0       0       8        0.0%
BANK2              100      0       0       9        0.0%
BITBANK3           100      0       0      10        0.0%
BANK3              100      0       0      11        0.0%
BITBANK4           100      0       0      12        0.0%
BANK4              100      0       0      13        0.0%
BITBANK5           100      0       0      14        0.0%
BANK5              100      0       0      15        0.0%
BITBANK6           100      0       0      16        0.0%
BANK6              100      0       0      17        0.0%
BITBANK7           100      0       0      18        0.0%
BANK7              100      0       0      19        0.0%
ABS                  0      0       0      20        0.0%
BITBANK8           100      0       0      21        0.0%
BANK8              100      0       0      22        0.0%
BITBANK9           100      0       0      23        0.0%
BANK9              100      0       0      24        0.0%
BITBANK10          100      0       0      25        0.0%
BANK10             100      0       0      26        0.0%
BITBANK11          100      0       0      27        0.0%
BANK11             100      0       0      28        0.0%
BITBANK12          100      0       0      29        0.0%
BANK12             100      0       0      30        0.0%
BITBANK13          100      0       0      31        0.0%
BANK13             100      0       0      32        0.0%
BITBANK14          100      0       0      33        0.0%
BANK14             100      0       0      34        0.0%
BITBANK15           60      0       0      35        0.0%
BANK15              60      0       0      36        0.0%
BIGRAM             F5F      0       0      37        0.0%
BITSFR               0      0       0      40        0.0%
SFR                  0      0       0      40        0.0%


Microchip Technology PIC18 Macro Assembler V1.38 build -256452561 
Symbol Table                                                                                   Tue Dec 20 17:59:59 2016

                     l84 FEDA                       l87 FEE8             ___awdiv@sign 0006  
           __CFG_CP0$OFF 000000                      l803 FF88                      l815 FFAE  
                    l831 FFE0                      l817 FFB6                      l809 FF98  
                    l841 FF52                      l835 FFEE                      l827 FFD6  
                    l819 FFBA                      l843 FF62                      l873 FF12  
                    u197 FF58                      wreg 000FE8             __CFG_FOSC$HS 000000  
          __CFG_DEBUG$ON 000000            __CFG_FCMEN$ON 000000                     _main FEF6  
                   start 0002            __CFG_IESO$OFF 000000            __CFG_FOSC2$ON 000000  
           ___param_bank 000010                    ?_main 0001          __end_of___awdiv FFF8  
        ___awdiv@divisor 0003          ___awdiv@counter 0005                    _SPBRG 000FAF  
                  _TRISA 000F92                    _TRISB 000F93                    _TRISC 000F94  
                  _TRISD 000F95                    _TRISE 000F96                    _TRISF 000F97  
                  _TXSTA 000FAC           send_spi@signal 0001                    status 000FD8  
        __initialization FEB2             __end_of_main FF34                   ??_main 000E  
          __activetblptr 000000         ___awdiv@dividend 0001           __CFG_WDTEN$OFF 000000  
       __end_of_delay_ms FF74           __CFG_XINST$OFF 000000                ??___awdiv 0005  
         __CFG_STVREN$ON 000000         ___awdiv@quotient 0007         __end_of_send_spi FEF6  
             __accesstop 0060  __end_of__initialization FEB2            ___rparam_used 000001  
         __pcstackCOMRAM 0001       __size_of_setup_spi 001C                ?_delay_ms 0009  
                _SSP1BUF 000FC9                  __Hparam 0000                ?_send_spi 0001  
                __Lparam 0000                  ___awdiv FF74                  __pcinit FEB2  
                __ramtop 1000                  __ptext0 FEF6                  __ptext1 FEB8  
                __ptext2 FED4                  __ptext3 FF34                  __ptext4 FF74  
             ??_delay_ms 000B     end_of_initialization FEB2               ??_send_spi 0003  
      __end_of_setup_spi FED4                _RCSTAbits 000FAB                _PORTCbits 000F82  
              _PORTDbits 000F83                _PORTEbits 000F84               main@signal 000E  
    start_initialization FEB2        __size_of_delay_ms 0040                 ?___awdiv 0001  
      __size_of_send_spi 0022                delay_ms@j 000C                delay_ms@n 0009  
               _PIE1bits 000F9D                _setup_spi FEB8                 __Hrparam 0000  
               __Lrparam 0000         __size_of___awdiv 0084               ?_setup_spi 0001  
               _delay_ms FF34             _SSP1CON1bits 000FC6                send_spi@x 0003  
              send_spi@y 0005            __size_of_main 003E                 _send_spi FED4  
           _SSP1STATbits 000FC7              ??_setup_spi 0001  
