Removed Pin From Net: NetName=BC_P3 Pin=J1-1
Removed Pin From Net: NetName=LS_P3 Pin=J1-2
Removed Pin From Net: NetName=HS_P3 Pin=J1-3
Removed Pin From Net: NetName=BC_P2 Pin=J1-4
Removed Pin From Net: NetName=LS_P2 Pin=J1-5
Removed Pin From Net: NetName=HS_P2 Pin=J1-6
Removed Pin From Net: NetName=BC_P1 Pin=J1-7
Removed Pin From Net: NetName=LS_P1 Pin=J1-8
Removed Pin From Net: NetName=HS_P1 Pin=J1-9
Removed Member From Class: ClassName=MISchematic Member=J1
Added Component: Designator=J?(HEADER-10-100MIL)
Added Pin To Net: NetName=BC_P3 Pin=J?-1
Added Pin To Net: NetName=LS_P3 Pin=J?-2
Added Pin To Net: NetName=HS_P3 Pin=J?-3
Added Pin To Net: NetName=BC_P2 Pin=J?-4
Added Pin To Net: NetName=LS_P2 Pin=J?-5
Added Pin To Net: NetName=HS_P2 Pin=J?-6
Added Pin To Net: NetName=BC_P1 Pin=J?-7
Added Pin To Net: NetName=LS_P1 Pin=J?-8
Added Pin To Net: NetName=HS_P1 Pin=J?-9
Added Member To Class: ClassName=MISchematic Member=Component J? Header 10 pin
Added Room: Name=MISchematic
