Removed Pin From Net: NetName=NetQ1_1 Pin=R1-0
Removed Pin From Net: NetName=HS_P1 Pin=R1-1
Removed Pin From Net: NetName=NetQ2_1 Pin=R2-0
Removed Pin From Net: NetName=HS_P2 Pin=R2-1
Removed Pin From Net: NetName=NetQ3_1 Pin=R3-0
Removed Pin From Net: NetName=HS_P3 Pin=R3-1
Removed Pin From Net: NetName=NetQ4_1 Pin=R4-0
Removed Pin From Net: NetName=LS_P1 Pin=R4-1
Removed Pin From Net: NetName=NetQ5_1 Pin=R5-0
Removed Pin From Net: NetName=LS_P2 Pin=R5-1
Removed Pin From Net: NetName=NetQ6_1 Pin=R6-0
Removed Pin From Net: NetName=LS_P3 Pin=R6-1
Change Component DesignItemId : Designator=R1 Old DesignItemId=R-18-3W-4122(10555) New DesignItemId=R-10-1/8W-0603
Change Component DesignItemId : Designator=R2 Old DesignItemId=R-18-3W-4122(10555) New DesignItemId=R-10-1/8W-0603
Change Component DesignItemId : Designator=R3 Old DesignItemId=R-18-3W-4122(10555) New DesignItemId=R-10-1/8W-0603
Change Component DesignItemId : Designator=R4 Old DesignItemId=R-18-3W-4122(10555) New DesignItemId=R-10-1/8W-0603
Change Component DesignItemId : Designator=R5 Old DesignItemId=R-18-3W-4122(10555) New DesignItemId=R-10-1/8W-0603
Change Component DesignItemId : Designator=R6 Old DesignItemId=R-18-3W-4122(10555) New DesignItemId=R-10-1/8W-0603
Change Component Footprint: Designator=R1 Old Footprint=4122(10555) New Footprint=R-0603(1608)-R
Change Component Footprint: Designator=R2 Old Footprint=4122(10555) New Footprint=R-0603(1608)-R
Change Component Footprint: Designator=R3 Old Footprint=4122(10555) New Footprint=R-0603(1608)-R
Change Component Footprint: Designator=R4 Old Footprint=4122(10555) New Footprint=R-0603(1608)-R
Change Component Footprint: Designator=R5 Old Footprint=4122(10555) New Footprint=R-0603(1608)-R
Change Component Footprint: Designator=R6 Old Footprint=4122(10555) New Footprint=R-0603(1608)-R
Change Component Comment : Designator=R1 Old Comment=18 New Comment=10
Change Component Comment : Designator=R2 Old Comment=18 New Comment=10
Change Component Comment : Designator=R3 Old Comment=18 New Comment=10
Change Component Comment : Designator=R4 Old Comment=18 New Comment=10
Change Component Comment : Designator=R5 Old Comment=18 New Comment=10
Change Component Comment : Designator=R6 Old Comment=18 New Comment=10
Added Pin To Net: NetName=NetQ1_1 Pin=R1-1
Added Pin To Net: NetName=NetQ2_1 Pin=R2-1
Added Pin To Net: NetName=NetQ3_1 Pin=R3-1
Added Pin To Net: NetName=NetQ4_1 Pin=R4-1
Added Pin To Net: NetName=NetQ5_1 Pin=R5-1
Added Pin To Net: NetName=NetQ6_1 Pin=R6-1
Added Room: Name=MISchematic
