Removed Pin From Net: NetName=NetC1_1 Pin=C1-1
Removed Pin From Net: NetName=BATTERY_GND Pin=C3-2
Removed Pin From Net: NetName=OP_AMP_VCC Pin=C4-1
Removed Pin From Net: NetName=SHUNT_VOLTAGE Pin=R9-2
Removed Pin From Net: NetName=BATTERY_GND Pin=R10-1
Removed Pin From Net: NetName=SHUNT_VOLTAGE Pin=R10-2
Removed Member From Class: ClassName=MISchematic Member=R9
Removed Member From Class: ClassName=MISchematic Member=R10
Change Component DesignItemId : Designator=C4 Old DesignItemId=CAP- 0.1 uF- 16 V-CER-0402(1005) New DesignItemId=CAP- 0.22 uF- 16 V-CER-0805(1202)
Change Component DesignItemId : Designator=C1 Old DesignItemId=CAP- 0.22 uF- 10 V-CER-0603(1608) New DesignItemId=CAP- 0.22 uF- 16 V-CER-0805(1202)
Change Component DesignItemId : Designator=C2 Old DesignItemId=CAP- 0.22 uF- 10 V-CER-0603(1608) New DesignItemId=CAP- 0.22 uF- 16 V-CER-0805(1202)
Change Component DesignItemId : Designator=C3 Old DesignItemId=CAP- 0.22 uF- 10 V-CER-0603(1608) New DesignItemId=CAP- 0.22 uF- 16 V-CER-0805(1202)
Change Component DesignItemId : Designator=R7 Old DesignItemId=R-75-62.5 mW-0402(1005) New DesignItemId=R-75-62.5 mW-0805(2012)
Change Component DesignItemId : Designator=R8 Old DesignItemId=R-75-62.5 mW-0402(1005) New DesignItemId=R-75-62.5 mW-0805(2012)
Change Component Footprint: Designator=C4 Old Footprint=CAP-0402(1005)-R New Footprint=CAP-0805(2012)-R
Change Component Footprint: Designator=C1 Old Footprint=CAP-0603(1608)-R New Footprint=CAP-0805(2012)-R
Change Component Footprint: Designator=C2 Old Footprint=CAP-0603(1608)-R New Footprint=CAP-0805(2012)-R
Change Component Footprint: Designator=C3 Old Footprint=CAP-0603(1608)-R New Footprint=CAP-0805(2012)-R
Change Component Footprint: Designator=R8 Old Footprint=R-0402(1005)-R New Footprint=R-0805(2012)-R
Change Component Comment : Designator=C4 Old Comment=0.1 µF New Comment=0.22 uF
Change Component Comment : Designator=C1 Old Comment=0.22 µF New Comment=0.22 uF
Change Component Comment : Designator=C2 Old Comment=0.22 µF New Comment=0.22 uF
Change Component Comment : Designator=C3 Old Comment=0.22 µF New Comment=0.22 uF
Change Component Comment : Designator=R7 Old Comment=75 New Comment=75 Ohms
Change Component Comment : Designator=R8 Old Comment=75 New Comment=75 Ohms
Change Component Description : Designator=R7 Old Description=RES 75OHM 62.5 mW 0402(1005) SMD New Description=RES 75OHM 125 mW 0805(2012) SMD
Added Pin To Net: NetName=OP_AMP_VCC Pin=C1-1
Added Pin To Net: NetName=BATTERY_GND Pin=C1-2
Added Pin To Net: NetName=NetC1_1 Pin=C3-1
Added Pin To Net: NetName=SHUNT_VOLTAGE Pin=U1-6
Change Net Name : Old Net Name=NetC1_1 New Net Name=NetC2_1
Added Pin To Net: NetName=NetC3_2 Pin=C3-2
Added Pin To Net: NetName=NetC3_2 Pin=C4-1
Added Pin To Net: NetName=NetC3_2 Pin=U1-5
Added Net: Name=NetC3_2
