Removed Pin From Net: NetName=BC_P3 Pin=J5-1
Removed Pin From Net: NetName=LS_P3 Pin=J5-2
Removed Pin From Net: NetName=HS_P3 Pin=J5-3
Removed Pin From Net: NetName=BC_P2 Pin=J5-4
Removed Pin From Net: NetName=LS_P2 Pin=J5-5
Removed Pin From Net: NetName=HS_P2 Pin=J5-6
Removed Pin From Net: NetName=BC_P1 Pin=J5-7
Removed Pin From Net: NetName=LS_P1 Pin=J5-8
Removed Pin From Net: NetName=HS_P1 Pin=J5-9
Removed Pin From Net: NetName=HS_P1 Pin=Q1-2
Removed Pin From Net: NetName=HS_P2 Pin=Q2-2
Removed Pin From Net: NetName=HS_P3 Pin=Q3-2
Removed Pin From Net: NetName=BC_P1 Pin=Q4-1
Removed Pin From Net: NetName=LS_P1 Pin=Q4-2
Removed Pin From Net: NetName=BC_P2 Pin=Q5-1
Removed Pin From Net: NetName=LS_P2 Pin=Q5-2
Removed Pin From Net: NetName=BC_P3 Pin=Q6-1
Removed Pin From Net: NetName=LS_P3 Pin=Q6-2
Removed Member From Class: ClassName=MISchematic Member=J5
Change Component Footprint: Designator=Q1 Old Footprint=E3 New Footprint=DirectFet-7
Change Component Footprint: Designator=Q2 Old Footprint=E3 New Footprint=DirectFet-7
Change Component Footprint: Designator=Q3 Old Footprint=E3 New Footprint=DirectFet-7
Change Component Footprint: Designator=Q4 Old Footprint=E3 New Footprint=DirectFet-7
Change Component Footprint: Designator=Q5 Old Footprint=E3 New Footprint=DirectFet-7
Change Component Footprint: Designator=Q6 Old Footprint=E3 New Footprint=DirectFet-7
Added Component: Designator=BC1(SMD_BULLET_CONNECTOR)
Added Component: Designator=BC2(SMD_BULLET_CONNECTOR)
Added Component: Designator=BC3(SMD_BULLET_CONNECTOR)
Added Component: Designator=BC4(SMD_BULLET_CONNECTOR)
Added Component: Designator=BC5(SMD_BULLET_CONNECTOR)
Added Component: Designator=J1(HEADER-12-100MIL)
Added Component: Designator=R1(4122(10555))
Added Component: Designator=R2(4122(10555))
Added Component: Designator=R3(4122(10555))
Added Component: Designator=R4(4122(10555))
Added Component: Designator=R5(4122(10555))
Added Component: Designator=R6(4122(10555))
Added Pin To Net: NetName=BC_P1 Pin=BC3-1
Added Pin To Net: NetName=BC_P2 Pin=BC4-1
Added Pin To Net: NetName=BC_P3 Pin=BC5-1
Added Pin To Net: NetName=BC_P3 Pin=J1-4
Added Pin To Net: NetName=LS_P3 Pin=J1-5
Added Pin To Net: NetName=HS_P3 Pin=J1-6
Added Pin To Net: NetName=BC_P2 Pin=J1-7
Added Pin To Net: NetName=LS_P2 Pin=J1-8
Added Pin To Net: NetName=HS_P2 Pin=J1-9
Added Pin To Net: NetName=BC_P1 Pin=J1-10
Added Pin To Net: NetName=LS_P1 Pin=J1-11
Added Pin To Net: NetName=HS_P1 Pin=J1-12
Added Pin To Net: NetName=BC_P1 Pin=Q4-2
Added Pin To Net: NetName=BC_P1 Pin=Q4-2
Added Pin To Net: NetName=BC_P2 Pin=Q5-2
Added Pin To Net: NetName=BC_P2 Pin=Q5-2
Added Pin To Net: NetName=BC_P3 Pin=Q6-2
Added Pin To Net: NetName=BC_P3 Pin=Q6-2
Added Pin To Net: NetName=HS_P1 Pin=R1-1
Added Pin To Net: NetName=HS_P2 Pin=R2-1
Added Pin To Net: NetName=HS_P3 Pin=R3-1
Added Pin To Net: NetName=LS_P1 Pin=R4-1
Added Pin To Net: NetName=LS_P2 Pin=R5-1
Added Pin To Net: NetName=LS_P3 Pin=R6-1
Added Pin To Net: NetName=BATTERY_GND Pin=BC2-1
Added Pin To Net: NetName=BATTERY_GND Pin=R15-1
Added Net: Name=BATTERY_GND
Added Pin To Net: NetName=BATTERY_VCC Pin=BC1-1
Added Pin To Net: NetName=BATTERY_VCC Pin=Q1-2
Added Pin To Net: NetName=BATTERY_VCC Pin=Q1-2
Added Pin To Net: NetName=BATTERY_VCC Pin=Q2-2
Added Pin To Net: NetName=BATTERY_VCC Pin=Q2-2
Added Pin To Net: NetName=BATTERY_VCC Pin=Q3-2
Added Pin To Net: NetName=BATTERY_VCC Pin=Q3-2
Added Net: Name=BATTERY_VCC
Added Pin To Net: NetName=NetQ1_1 Pin=Q1-1
Added Net: Name=NetQ1_1
Added Pin To Net: NetName=NetQ2_1 Pin=Q2-1
Added Net: Name=NetQ2_1
Added Pin To Net: NetName=NetQ3_1 Pin=Q3-1
Added Net: Name=NetQ3_1
Added Pin To Net: NetName=NetQ4_1 Pin=Q4-1
Added Net: Name=NetQ4_1
Added Pin To Net: NetName=NetQ5_1 Pin=Q5-1
Added Net: Name=NetQ5_1
Added Pin To Net: NetName=NetQ6_1 Pin=Q6-1
Added Net: Name=NetQ6_1
Added Pin To Net: NetName=OP_AMP_GND Pin=J1-1
Added Net: Name=OP_AMP_GND
Added Pin To Net: NetName=OP_AMP_VCC Pin=J1-2
Added Net: Name=OP_AMP_VCC
Added Pin To Net: NetName=SHUNT_VOLTAGE Pin=J1-3
Added Net: Name=SHUNT_VOLTAGE
Added Member To Class: ClassName=MISchematic Member=Component BC1 Bullet Connector
Added Member To Class: ClassName=MISchematic Member=Component BC2 Bullet Connector
Added Member To Class: ClassName=MISchematic Member=Component BC3 Bullet Connector
Added Member To Class: ClassName=MISchematic Member=Component BC4 Bullet Connector
Added Member To Class: ClassName=MISchematic Member=Component BC5 Bullet Connector
Added Member To Class: ClassName=MISchematic Member=Component J1 Header 12 pin
Added Member To Class: ClassName=MISchematic Member=Component R1 18
Added Member To Class: ClassName=MISchematic Member=Component R2 18
Added Member To Class: ClassName=MISchematic Member=Component R3 18
Added Member To Class: ClassName=MISchematic Member=Component R4 18
Added Member To Class: ClassName=MISchematic Member=Component R5 18
Added Member To Class: ClassName=MISchematic Member=Component R6 18
