Removed Pin From Net: NetName=OP_AMP_GND Pin=J1-1
Removed Pin From Net: NetName=OP_AMP_VCC Pin=J1-2
Removed Pin From Net: NetName=SHUNT_VOLTAGE Pin=J1-3
Removed Pin From Net: NetName=BC_P3 Pin=J1-4
Removed Pin From Net: NetName=LS_P3 Pin=J1-5
Removed Pin From Net: NetName=HS_P3 Pin=J1-6
Removed Pin From Net: NetName=BC_P2 Pin=J1-7
Removed Pin From Net: NetName=LS_P2 Pin=J1-8
Removed Pin From Net: NetName=HS_P2 Pin=J1-9
Removed Pin From Net: NetName=BC_P1 Pin=J1-10
Removed Pin From Net: NetName=LS_P1 Pin=J1-11
Removed Pin From Net: NetName=HS_P1 Pin=J1-12
Change Component Description : Designator=J1 Old Description=Header, 12 pin, .1 pitch New Description=Header, 12pin, .1 pitch
Change Component Library : Designator=J1 Old Library=MasterLibrary.SchLib New Library=CarlLibrary.SchLib
Added Pin To Net: NetName=BC_P3 Pin=J1-1
Added Pin To Net: NetName=LS_P3 Pin=J1-2
Added Pin To Net: NetName=HS_P3 Pin=J1-3
Added Pin To Net: NetName=BC_P2 Pin=J1-4
Added Pin To Net: NetName=LS_P2 Pin=J1-5
Added Pin To Net: NetName=HS_P2 Pin=J1-6
Added Pin To Net: NetName=BC_P1 Pin=J1-7
Added Pin To Net: NetName=LS_P1 Pin=J1-8
Added Pin To Net: NetName=HS_P1 Pin=J1-9
Added Pin To Net: NetName=SHUNT_VOLTAGE Pin=J1-10
Added Pin To Net: NetName=OP_AMP_VCC Pin=J1-11
Added Pin To Net: NetName=OP_AMP_GND Pin=J1-12
Added Room: Name=MISchematic
