

Microchip Technology PIC18 LITE Macro Assembler V1.38 build -256452561 
                                                                                               Mon Nov 21 18:42:03 2016

Microchip Technology Omniscient Code Generator v1.38 (Free mode) build 201607010351
     1                           	processor	18F87J10
     2                           	fnconf	rparam,??,?,0
     3                           	opt	pw 120
     4                           	opt	lm
     5                           	psect	cinit,global,reloc=2,class=CODE,delta=1
     6                           	psect	cstackCOMRAM,global,class=COMRAM,space=1,delta=1
     7                           	psect	text0,global,reloc=2,class=CODE,delta=1
     8                           	psect	text1,global,reloc=2,class=CODE,delta=1
     9                           	psect	text2,global,reloc=2,class=CODE,delta=1
    10                           	psect	intsave_regs,global,class=BIGRAM,space=1,delta=1
    11                           	psect	rparam,global,class=COMRAM,space=1,delta=1
    12  0000                     _PIE1bits	set	3997
    13  0000                     _PORTCbits	set	3970
    14  0000                     _PORTDbits	set	3971
    15  0000                     _RCSTAbits	set	4011
    16  0000                     _SPBRG	set	4015
    17  0000                     _SSP1CON1bits	set	4038
    18  0000                     _SSP1STATbits	set	4039
    19  0000                     _TRISA	set	3986
    20  0000                     _TRISB	set	3987
    21  0000                     _TRISC	set	3988
    22  0000                     _TRISD	set	3989
    23  0000                     _TRISF	set	3991
    24  0000                     _TXSTA	set	4012
    25                           
    26                           ; #config settings
    27  0000                     
    28                           	psect	cinit
    29  01FEFE                     __pcinit:
    30                           	opt stack 0
    31  01FEFE                     start_initialization:
    32                           	opt stack 0
    33  01FEFE                     __initialization:
    34                           	opt stack 0
    35  01FEFE                     end_of_initialization:
    36                           	opt stack 0
    37  01FEFE                     __end_of__initialization:
    38                           	opt stack 0
    39  01FEFE  0100               	movlb	0
    40  01FF00  EF82  F0FF         	goto	_main	;jump to C main() function
    41                           
    42                           	psect	cstackCOMRAM
    43  000001                     __pcstackCOMRAM:
    44                           	opt stack 0
    45  000001                     ?___awdiv:
    46                           	opt stack 0
    47  000001                     ___awdiv@dividend:
    48                           	opt stack 0
    49                           
    50                           ; 2 bytes @ 0x0
    51  000001                     	ds	2
    52  000003                     ___awdiv@divisor:
    53                           	opt stack 0
    54                           
    55                           ; 2 bytes @ 0x2
    56  000003                     	ds	2
    57  000005                     ___awdiv@counter:
    58                           	opt stack 0
    59                           
    60                           ; 1 bytes @ 0x4
    61  000005                     	ds	1
    62  000006                     ___awdiv@sign:
    63                           	opt stack 0
    64                           
    65                           ; 1 bytes @ 0x5
    66  000006                     	ds	1
    67  000007                     ___awdiv@quotient:
    68                           	opt stack 0
    69                           
    70                           ; 2 bytes @ 0x6
    71  000007                     	ds	2
    72  000009                     delay_ms@n:
    73                           	opt stack 0
    74                           
    75                           ; 2 bytes @ 0x8
    76  000009                     	ds	2
    77  00000B                     ??_delay_ms:
    78                           
    79                           ; 1 bytes @ 0xA
    80  00000B                     	ds	1
    81  00000C                     delay_ms@j:
    82                           	opt stack 0
    83                           
    84                           ; 2 bytes @ 0xB
    85  00000C                     	ds	2
    86  00000E                     
    87                           ; 1 bytes @ 0xD
    88 ;;
    89 ;;Main: autosize = 0, tempsize = 0, incstack = 0, save=0
    90 ;;
    91 ;; *************** function _main *****************
    92 ;; Defined at:
    93 ;;		line 4 in file "main.c"
    94 ;; Parameters:    Size  Location     Type
    95 ;;		None
    96 ;; Auto vars:     Size  Location     Type
    97 ;;		None
    98 ;; Return value:  Size  Location     Type
    99 ;;                  1    wreg      void 
   100 ;; Registers used:
   101 ;;		wreg, status,2, status,0, cstack
   102 ;; Tracked objects:
   103 ;;		On entry : 0/0
   104 ;;		On exit  : 0/0
   105 ;;		Unchanged: 0/0
   106 ;; Data sizes:     COMRAM   BANK0   BANK1   BANK2   BANK3   BANK4   BANK5   BANK6   BANK7   BANK8   BANK9  BANK10  BANK1
      +1  BANK12  BANK13  BANK14  BANK15
   107 ;;      Params:         0       0       0       0       0       0       0       0       0       0       0       0       
      +0       0       0       0       0
   108 ;;      Locals:         0       0       0       0       0       0       0       0       0       0       0       0       
      +0       0       0       0       0
   109 ;;      Temps:          0       0       0       0       0       0       0       0       0       0       0       0       
      +0       0       0       0       0
   110 ;;      Totals:         0       0       0       0       0       0       0       0       0       0       0       0       
      +0       0       0       0       0
   111 ;;Total ram usage:        0 bytes
   112 ;; Hardware stack levels required when called:    2
   113 ;; This function calls:
   114 ;;		_delay_ms
   115 ;; This function is called by:
   116 ;;		Startup code after reset
   117 ;; This function uses a non-reentrant model
   118 ;;
   119                           
   120                           	psect	text0
   121  01FF04                     __ptext0:
   122                           	opt stack 0
   123  01FF04                     _main:
   124                           	opt stack 29
   125                           
   126                           ;main.c: 7: TRISD = 0b00000000;
   127                           
   128                           ;incstack = 0
   129  01FF04  0E00               	movlw	0
   130  01FF06  6E95               	movwf	3989,c	;volatile
   131  01FF08                     l815:
   132                           
   133                           ;main.c: 9: {
   134                           ;main.c: 10: PORTDbits.RD7 = 1;
   135  01FF08  8E83               	bsf	3971,7,c	;volatile
   136                           
   137                           ;main.c: 11: PORTDbits.RD6 = 0;
   138  01FF0A  9C83               	bcf	3971,6,c	;volatile
   139                           
   140                           ;main.c: 12: PORTDbits.RD5 = 0;
   141  01FF0C  9A83               	bcf	3971,5,c	;volatile
   142                           
   143                           ;main.c: 13: PORTDbits.RD4 = 0;
   144  01FF0E  9883               	bcf	3971,4,c	;volatile
   145                           
   146                           ;main.c: 14: PORTDbits.RD3 = 0;
   147  01FF10  9683               	bcf	3971,3,c	;volatile
   148                           
   149                           ;main.c: 15: PORTDbits.RD2 = 0;
   150  01FF12  9483               	bcf	3971,2,c	;volatile
   151                           
   152                           ;main.c: 16: PORTDbits.RD1 = 0;
   153  01FF14  9283               	bcf	3971,1,c	;volatile
   154                           
   155                           ;main.c: 17: PORTDbits.RD0 = 0;
   156  01FF16  9083               	bcf	3971,0,c	;volatile
   157                           
   158                           ;main.c: 18: delay_ms(500);
   159  01FF18  0E01               	movlw	1
   160  01FF1A  6E0A               	movwf	delay_ms@n+1,c
   161  01FF1C  0EF4               	movlw	244
   162  01FF1E  6E09               	movwf	delay_ms@n,c
   163  01FF20  EC9A  F0FF         	call	_delay_ms	;wreg free
   164                           
   165                           ;main.c: 19: PORTDbits.RD7 = 0;
   166  01FF24  9E83               	bcf	3971,7,c	;volatile
   167                           
   168                           ;main.c: 20: delay_ms(500);
   169  01FF26  0E01               	movlw	1
   170  01FF28  6E0A               	movwf	delay_ms@n+1,c
   171  01FF2A  0EF4               	movlw	244
   172  01FF2C  6E09               	movwf	delay_ms@n,c
   173  01FF2E  EC9A  F0FF         	call	_delay_ms	;wreg free
   174  01FF32  D7EA               	goto	l815
   175  01FF34                     __end_of_main:
   176                           	opt stack 0
   177                           
   178 ;; *************** function _delay_ms *****************
   179 ;; Defined at:
   180 ;;		line 83 in file "micro_setup.c"
   181 ;; Parameters:    Size  Location     Type
   182 ;;  n               2    8[COMRAM] int 
   183 ;; Auto vars:     Size  Location     Type
   184 ;;  j               2   11[COMRAM] int 
   185 ;; Return value:  Size  Location     Type
   186 ;;                  1    wreg      void 
   187 ;; Registers used:
   188 ;;		wreg, status,2, status,0, cstack
   189 ;; Tracked objects:
   190 ;;		On entry : 0/0
   191 ;;		On exit  : 0/0
   192 ;;		Unchanged: 0/0
   193 ;; Data sizes:     COMRAM   BANK0   BANK1   BANK2   BANK3   BANK4   BANK5   BANK6   BANK7   BANK8   BANK9  BANK10  BANK1
      +1  BANK12  BANK13  BANK14  BANK15
   194 ;;      Params:         2       0       0       0       0       0       0       0       0       0       0       0       
      +0       0       0       0       0
   195 ;;      Locals:         2       0       0       0       0       0       0       0       0       0       0       0       
      +0       0       0       0       0
   196 ;;      Temps:          1       0       0       0       0       0       0       0       0       0       0       0       
      +0       0       0       0       0
   197 ;;      Totals:         5       0       0       0       0       0       0       0       0       0       0       0       
      +0       0       0       0       0
   198 ;;Total ram usage:        5 bytes
   199 ;; Hardware stack levels used:    1
   200 ;; Hardware stack levels required when called:    1
   201 ;; This function calls:
   202 ;;		___awdiv
   203 ;; This function is called by:
   204 ;;		_main
   205 ;; This function uses a non-reentrant model
   206 ;;
   207                           
   208                           	psect	text1
   209  01FF34                     __ptext1:
   210                           	opt stack 0
   211  01FF34                     _delay_ms:
   212                           	opt stack 29
   213                           
   214                           ;micro_setup.c: 85: int j = n/10;
   215                           
   216                           ;incstack = 0
   217  01FF34  C009  F001         	movff	delay_ms@n,___awdiv@dividend
   218  01FF38  C00A  F002         	movff	delay_ms@n+1,___awdiv@dividend+1
   219  01FF3C  0E00               	movlw	0
   220  01FF3E  6E04               	movwf	___awdiv@divisor+1,c
   221  01FF40  0E0A               	movlw	10
   222  01FF42  6E03               	movwf	___awdiv@divisor,c
   223  01FF44  ECBA  F0FF         	call	___awdiv	;wreg free
   224  01FF48  C001  F00C         	movff	?___awdiv,delay_ms@j
   225  01FF4C  C002  F00D         	movff	?___awdiv+1,delay_ms@j+1
   226                           
   227                           ;micro_setup.c: 86: while(j--)
   228  01FF50  D008               	goto	l811
   229  01FF52                     l809:
   230                           
   231                           ;micro_setup.c: 87: {
   232                           ;micro_setup.c: 88: _delay((unsigned long)((10)*(10000000/4000.0)));
   233  01FF52  0E21               	movlw	33
   234  01FF54  6E0B               	movwf	??_delay_ms& (0+255),c
   235  01FF56  0E76               	movlw	118
   236  01FF58                     u157:
   237  01FF58  2EE8               	decfsz	wreg,f,c
   238  01FF5A  D7FE               	goto	u157
   239  01FF5C  2E0B               	decfsz	??_delay_ms& (0+255),f,c
   240  01FF5E  D7FC               	goto	u157
   241  01FF60  D000               	nop2	
   242  01FF62                     l811:
   243  01FF62  060C               	decf	delay_ms@j,f,c
   244  01FF64  A0D8               	btfss	status,0,c
   245  01FF66  060D               	decf	delay_ms@j+1,f,c
   246  01FF68  280C               	incf	delay_ms@j,w,c
   247  01FF6A  E1F3               	bnz	l809
   248  01FF6C  280D               	incf	delay_ms@j+1,w,c
   249  01FF6E  B4D8               	btfsc	status,2,c
   250  01FF70  0012               	return	
   251  01FF72  D7EF               	goto	l809
   252  01FF74                     __end_of_delay_ms:
   253                           	opt stack 0
   254                           wreg	equ	0xFE8
   255                           status	equ	0xFD8
   256                           
   257 ;; *************** function ___awdiv *****************
   258 ;; Defined at:
   259 ;;		line 8 in file "C:\Program Files (x86)\Microchip\xc8\v1.38\sources\common\awdiv.c"
   260 ;; Parameters:    Size  Location     Type
   261 ;;  dividend        2    0[COMRAM] int 
   262 ;;  divisor         2    2[COMRAM] int 
   263 ;; Auto vars:     Size  Location     Type
   264 ;;  quotient        2    6[COMRAM] int 
   265 ;;  sign            1    5[COMRAM] unsigned char 
   266 ;;  counter         1    4[COMRAM] unsigned char 
   267 ;; Return value:  Size  Location     Type
   268 ;;                  2    0[COMRAM] int 
   269 ;; Registers used:
   270 ;;		wreg, status,2, status,0
   271 ;; Tracked objects:
   272 ;;		On entry : 0/0
   273 ;;		On exit  : 0/0
   274 ;;		Unchanged: 0/0
   275 ;; Data sizes:     COMRAM   BANK0   BANK1   BANK2   BANK3   BANK4   BANK5   BANK6   BANK7   BANK8   BANK9  BANK10  BANK1
      +1  BANK12  BANK13  BANK14  BANK15
   276 ;;      Params:         4       0       0       0       0       0       0       0       0       0       0       0       
      +0       0       0       0       0
   277 ;;      Locals:         4       0       0       0       0       0       0       0       0       0       0       0       
      +0       0       0       0       0
   278 ;;      Temps:          0       0       0       0       0       0       0       0       0       0       0       0       
      +0       0       0       0       0
   279 ;;      Totals:         8       0       0       0       0       0       0       0       0       0       0       0       
      +0       0       0       0       0
   280 ;;Total ram usage:        8 bytes
   281 ;; Hardware stack levels used:    1
   282 ;; This function calls:
   283 ;;		Nothing
   284 ;; This function is called by:
   285 ;;		_delay_ms
   286 ;; This function uses a non-reentrant model
   287 ;;
   288                           
   289                           	psect	text2
   290  01FF74                     __ptext2:
   291                           	opt stack 0
   292  01FF74                     ___awdiv:
   293                           	opt stack 29
   294                           
   295                           ;incstack = 0
   296  01FF74  0E00               	movlw	0
   297  01FF76  6E06               	movwf	___awdiv@sign,c
   298  01FF78  AE04               	btfss	___awdiv@divisor+1,7,c
   299  01FF7A  D006               	goto	l771
   300  01FF7C  6C03               	negf	___awdiv@divisor,c
   301  01FF7E  1E04               	comf	___awdiv@divisor+1,f,c
   302  01FF80  B0D8               	btfsc	status,0,c
   303  01FF82  2A04               	incf	___awdiv@divisor+1,f,c
   304  01FF84  0E01               	movlw	1
   305  01FF86  6E06               	movwf	___awdiv@sign,c
   306  01FF88                     l771:
   307  01FF88  AE02               	btfss	___awdiv@dividend+1,7,c
   308  01FF8A  D006               	goto	l777
   309  01FF8C  6C01               	negf	___awdiv@dividend,c
   310  01FF8E  1E02               	comf	___awdiv@dividend+1,f,c
   311  01FF90  B0D8               	btfsc	status,0,c
   312  01FF92  2A02               	incf	___awdiv@dividend+1,f,c
   313  01FF94  0E01               	movlw	1
   314  01FF96  1A06               	xorwf	___awdiv@sign,f,c
   315  01FF98                     l777:
   316  01FF98  0E00               	movlw	0
   317  01FF9A  6E08               	movwf	___awdiv@quotient+1,c
   318  01FF9C  0E00               	movlw	0
   319  01FF9E  6E07               	movwf	___awdiv@quotient,c
   320  01FFA0  5003               	movf	___awdiv@divisor,w,c
   321  01FFA2  1004               	iorwf	___awdiv@divisor+1,w,c
   322  01FFA4  B4D8               	btfsc	status,2,c
   323  01FFA6  D01C               	goto	l799
   324  01FFA8  0E01               	movlw	1
   325  01FFAA  6E05               	movwf	___awdiv@counter,c
   326  01FFAC  D004               	goto	l785
   327  01FFAE                     l783:
   328  01FFAE  90D8               	bcf	status,0,c
   329  01FFB0  3603               	rlcf	___awdiv@divisor,f,c
   330  01FFB2  3604               	rlcf	___awdiv@divisor+1,f,c
   331  01FFB4  2A05               	incf	___awdiv@counter,f,c
   332  01FFB6                     l785:
   333  01FFB6  AE04               	btfss	___awdiv@divisor+1,7,c
   334  01FFB8  D7FA               	goto	l783
   335  01FFBA                     l787:
   336  01FFBA  90D8               	bcf	status,0,c
   337  01FFBC  3607               	rlcf	___awdiv@quotient,f,c
   338  01FFBE  3608               	rlcf	___awdiv@quotient+1,f,c
   339  01FFC0  5003               	movf	___awdiv@divisor,w,c
   340  01FFC2  5C01               	subwf	___awdiv@dividend,w,c
   341  01FFC4  5004               	movf	___awdiv@divisor+1,w,c
   342  01FFC6  5802               	subwfb	___awdiv@dividend+1,w,c
   343  01FFC8  A0D8               	btfss	status,0,c
   344  01FFCA  D005               	goto	l795
   345  01FFCC  5003               	movf	___awdiv@divisor,w,c
   346  01FFCE  5E01               	subwf	___awdiv@dividend,f,c
   347  01FFD0  5004               	movf	___awdiv@divisor+1,w,c
   348  01FFD2  5A02               	subwfb	___awdiv@dividend+1,f,c
   349  01FFD4  8007               	bsf	___awdiv@quotient,0,c
   350  01FFD6                     l795:
   351  01FFD6  90D8               	bcf	status,0,c
   352  01FFD8  3204               	rrcf	___awdiv@divisor+1,f,c
   353  01FFDA  3203               	rrcf	___awdiv@divisor,f,c
   354  01FFDC  2E05               	decfsz	___awdiv@counter,f,c
   355  01FFDE  D7ED               	goto	l787
   356  01FFE0                     l799:
   357  01FFE0  5006               	movf	___awdiv@sign,w,c
   358  01FFE2  B4D8               	btfsc	status,2,c
   359  01FFE4  D004               	goto	l803
   360  01FFE6  6C07               	negf	___awdiv@quotient,c
   361  01FFE8  1E08               	comf	___awdiv@quotient+1,f,c
   362  01FFEA  B0D8               	btfsc	status,0,c
   363  01FFEC  2A08               	incf	___awdiv@quotient+1,f,c
   364  01FFEE                     l803:
   365  01FFEE  C007  F001         	movff	___awdiv@quotient,?___awdiv
   366  01FFF2  C008  F002         	movff	___awdiv@quotient+1,?___awdiv+1
   367  01FFF6  0012               	return	
   368  01FFF8                     __end_of___awdiv:
   369                           	opt stack 0
   370  0000                     wreg	equ	0xFE8
   371                           status	equ	0xFD8
   372                           wreg	equ	0xFE8
   373                           status	equ	0xFD8
   374                           
   375                           	psect	rparam
   376  0000                     wreg	equ	0xFE8
   377                           status	equ	0xFD8


Data Sizes:
    Strings     0
    Constant    0
    Data        0
    BSS         0
    Persistent  0
    Stack       0

Auto Spaces:
    Space          Size  Autos    Used
    COMRAM           95     13      13
    BANK0           160      0       0
    BANK1           256      0       0
    BANK2           256      0       0
    BANK3           256      0       0
    BANK4           256      0       0
    BANK5           256      0       0
    BANK6           256      0       0
    BANK7           256      0       0
    BANK8           256      0       0
    BANK9           256      0       0
    BANK10          256      0       0
    BANK11          256      0       0
    BANK12          256      0       0
    BANK13          256      0       0
    BANK14          256      0       0
    BANK15           96      0       0

Pointer List with Targets:

    None.

Critical Paths under _main in COMRAM

    _main->_delay_ms
    _delay_ms->___awdiv

Critical Paths under _main in BANK0

    None.

Critical Paths under _main in BANK1

    None.

Critical Paths under _main in BANK2

    None.

Critical Paths under _main in BANK3

    None.

Critical Paths under _main in BANK4

    None.

Critical Paths under _main in BANK5

    None.

Critical Paths under _main in BANK6

    None.

Critical Paths under _main in BANK7

    None.

Critical Paths under _main in BANK8

    None.

Critical Paths under _main in BANK9

    None.

Critical Paths under _main in BANK10

    None.

Critical Paths under _main in BANK11

    None.

Critical Paths under _main in BANK12

    None.

Critical Paths under _main in BANK13

    None.

Critical Paths under _main in BANK14

    None.

Critical Paths under _main in BANK15

    None.

Call Graph Tables:

 ---------------------------------------------------------------------------------
 (Depth) Function   	        Calls       Base Space   Used Autos Params    Refs
 ---------------------------------------------------------------------------------
 (0) _main                                                 0     0      0     517
                           _delay_ms
 ---------------------------------------------------------------------------------
 (1) _delay_ms                                             5     3      2     517
                                              8 COMRAM     5     3      2
                            ___awdiv
 ---------------------------------------------------------------------------------
 (2) ___awdiv                                              8     4      4     386
                                              0 COMRAM     8     4      4
 ---------------------------------------------------------------------------------
 Estimated maximum stack depth 2
 ---------------------------------------------------------------------------------

 Call Graph Graphs:

 _main (ROOT)
   _delay_ms
     ___awdiv

 Address spaces:
Name               Size   Autos  Total    Cost      Usage
BITCOMRAM           5F      0       0       0        0.0%
NULL                 0      0       0       0        0.0%
CODE                 0      0       0       0        0.0%
COMRAM              5F      D       D       1       13.7%
STACK                0      0       0       2        0.0%
DATA                 0      0       0       3        0.0%
BITBANK0            A0      0       0       4        0.0%
BANK0               A0      0       0       5        0.0%
BITBANK1           100      0       0       6        0.0%
BANK1              100      0       0       7        0.0%
BITBANK2           100      0       0       8        0.0%
BANK2              100      0       0       9        0.0%
BITBANK3           100      0       0      10        0.0%
BANK3              100      0       0      11        0.0%
BITBANK4           100      0       0      12        0.0%
BANK4              100      0       0      13        0.0%
BITBANK5           100      0       0      14        0.0%
BANK5              100      0       0      15        0.0%
BITBANK6           100      0       0      16        0.0%
BANK6              100      0       0      17        0.0%
BITBANK7           100      0       0      18        0.0%
BANK7              100      0       0      19        0.0%
BITBANK8           100      0       0      20        0.0%
BANK8              100      0       0      21        0.0%
BITBANK9           100      0       0      22        0.0%
BANK9              100      0       0      23        0.0%
BITBANK10          100      0       0      24        0.0%
BANK10             100      0       0      25        0.0%
BITBANK11          100      0       0      26        0.0%
BANK11             100      0       0      27        0.0%
BITBANK12          100      0       0      28        0.0%
BANK12             100      0       0      29        0.0%
BITBANK13          100      0       0      30        0.0%
BANK13             100      0       0      31        0.0%
ABS                  0      0       0      32        0.0%
BITBANK14          100      0       0      33        0.0%
BANK14             100      0       0      34        0.0%
BITBANK15           60      0       0      35        0.0%
BANK15              60      0       0      36        0.0%
BIGRAM             F5F      0       0      37        0.0%
BITSFR               0      0       0      40        0.0%
SFR                  0      0       0      40        0.0%


Microchip Technology PIC18 Macro Assembler V1.38 build -256452561 
Symbol Table                                                                                   Mon Nov 21 18:42:03 2016

           ___awdiv@sign 0006             __CFG_CP0$OFF 000000                      l803 FFEE  
                    l811 FF62                      l815 FF08                      l809 FF52  
                    l771 FF88                      l783 FFAE                      l785 FFB6  
                    l777 FF98                      l795 FFD6                      l787 FFBA  
                    l799 FFE0                      u157 FF58                      wreg 000FE8  
           __CFG_FOSC$HS 000000            __CFG_DEBUG$ON 000000            __CFG_FCMEN$ON 000000  
                   _main FF04                     start 0000            __CFG_IESO$OFF 000000  
          __CFG_FOSC2$ON 000000             ___param_bank 000010                    ?_main 0001  
        __end_of___awdiv FFF8          ___awdiv@divisor 0003          ___awdiv@counter 0005  
                  _SPBRG 000FAF                    _TRISA 000F92                    _TRISB 000F93  
                  _TRISC 000F94                    _TRISD 000F95                    _TRISF 000F97  
                  _TXSTA 000FAC                    status 000FD8          __initialization FEFE  
           __end_of_main FF34                   ??_main 000E            __activetblptr 000000  
       ___awdiv@dividend 0001           __CFG_WDTEN$OFF 000000         __end_of_delay_ms FF74  
         __CFG_XINST$OFF 000000                ??___awdiv 0005           __CFG_STVREN$ON 000000  
       ___awdiv@quotient 0007               __accesstop 0060  __end_of__initialization FEFE  
          ___rparam_used 000001           __pcstackCOMRAM 0001                ?_delay_ms 0009  
                __Hparam 0000                  __Lparam 0000                  ___awdiv FF74  
                __pcinit FEFE                  __ramtop 1000                  __ptext0 FF04  
                __ptext1 FF34                  __ptext2 FF74               ??_delay_ms 000B  
   end_of_initialization FEFE                _RCSTAbits 000FAB                _PORTCbits 000F82  
              _PORTDbits 000F83      start_initialization FEFE        __size_of_delay_ms 0040  
               ?___awdiv 0001                delay_ms@j 000C                delay_ms@n 0009  
               _PIE1bits 000F9D                 __Hrparam 0000                 __Lrparam 0000  
       __size_of___awdiv 0084                 _delay_ms FF34             _SSP1CON1bits 000FC6  
          __size_of_main 0030             _SSP1STATbits 000FC7  
