Added Component: Designator=C1(TC-B)
Added Component: Designator=C2(TC-B)
Added Component: Designator=C3(TC-B)
Added Component: Designator=C4(TC-B)
Added Component: Designator=C5(TC-B)
Added Component: Designator=C6(TC-B)
Added Component: Designator=C10(CAP-0402(1005)-R)
Added Component: Designator=C11(CAP-0402(1005)-R)
Added Component: Designator=C12(CAP-0603(1608)-R)
Added Component: Designator=C13(CAP-0603(1608)-R)
Added Component: Designator=C14(CAP-0402(1005)-R)
Added Component: Designator=C15(CAP-0402(1005)-R)
Added Component: Designator=D1(SMB)
Added Component: Designator=D2(SMB)
Added Component: Designator=D3(SMB)
Added Component: Designator=J1(HEADER-10-100MIL)
Added Component: Designator=J2(HEADER-4-100mil)
Added Component: Designator=J3(HEADER-4-100mil)
Added Component: Designator=J5(HEADER-4-100mil)
Added Component: Designator=LED1(LED-0805-K)
Added Component: Designator=LED2(LED-0805-K)
Added Component: Designator=LED3(LED-0805-K)
Added Component: Designator=LED4(LED-0805-K)
Added Component: Designator=LED5(LED-0805-K)
Added Component: Designator=LED6(LED-0805-K)
Added Component: Designator=R1(R-0402(1005)-R)
Added Component: Designator=R2(R-0402(1005)-R)
Added Component: Designator=R7(R-0402(1005)-R)
Added Component: Designator=R8(R-0402(1005)-R)
Added Component: Designator=R11(R-0402(1005)-R)
Added Component: Designator=R13(R-0402(1005)-R)
Added Component: Designator=R14(R-0402(1005)-R)
Added Component: Designator=R15(R-0402(1005)-R)
Added Component: Designator=R16(R-0402(1005)-R)
Added Component: Designator=R17(R-0402(1005)-R)
Added Component: Designator=R18(R-0402(1005)-R)
Added Component: Designator=R24(R-0402(1005)-R)
Added Component: Designator=R25(R-0402(1005)-R)
Added Component: Designator=R26(R-0402(1005)-R)
Added Component: Designator=R28(R-0402(1005)-R)
Added Component: Designator=R29(R-0402(1005)-R)
Added Component: Designator=R30(R-0402(1005)-R)
Added Component: Designator=R31(R-0402(1005)-R)
Added Component: Designator=R32(R-0402(1005)-R)
Added Component: Designator=R33(R-0402(1005)-R)
Added Component: Designator=S1(Pushbutton_switches)
Added Component: Designator=T1(CRYSTAL-8MHZ)
Added Component: Designator=U1(SOIC-8)
Added Component: Designator=U2(SOIC-8)
Added Component: Designator=U3(SOIC-8)
Added Component: Designator=U4(TQFP-44)
Added Component: Designator=U5(TO-252)
Added Pin To Net: NetName=5V Pin=C10-1
Added Pin To Net: NetName=5V Pin=C11-1
Added Pin To Net: NetName=5V Pin=C15-1
Added Pin To Net: NetName=5V Pin=J2-4
Added Pin To Net: NetName=5V Pin=J3-3
Added Pin To Net: NetName=5V Pin=J5-2
Added Pin To Net: NetName=5V Pin=R1-2
Added Pin To Net: NetName=5V Pin=R7-1
Added Pin To Net: NetName=5V Pin=R8-1
Added Pin To Net: NetName=5V Pin=R13-1
Added Pin To Net: NetName=5V Pin=U4-7
Added Pin To Net: NetName=5V Pin=U4-28
Added Pin To Net: NetName=5V Pin=U5-3
Added Net: Name=5V
Added Pin To Net: NetName=CLK_IN Pin=C12-2
Added Pin To Net: NetName=CLK_IN Pin=T1-1
Added Pin To Net: NetName=CLK_IN Pin=U4-30
Added Net: Name=CLK_IN
Added Pin To Net: NetName=CLK_OUT Pin=C13-1
Added Pin To Net: NetName=CLK_OUT Pin=T1-3
Added Pin To Net: NetName=CLK_OUT Pin=U4-31
Added Net: Name=CLK_OUT
Added Pin To Net: NetName=GND Pin=C1-2
Added Pin To Net: NetName=GND Pin=C2-2
Added Pin To Net: NetName=GND Pin=C3-2
Added Pin To Net: NetName=GND Pin=C10-2
Added Pin To Net: NetName=GND Pin=C11-2
Added Pin To Net: NetName=GND Pin=C12-1
Added Pin To Net: NetName=GND Pin=C13-2
Added Pin To Net: NetName=GND Pin=C14-2
Added Pin To Net: NetName=GND Pin=C15-2
Added Pin To Net: NetName=GND Pin=J3-2
Added Pin To Net: NetName=GND Pin=J5-3
Added Pin To Net: NetName=GND Pin=R17-2
Added Pin To Net: NetName=GND Pin=R24-2
Added Pin To Net: NetName=GND Pin=R26-2
Added Pin To Net: NetName=GND Pin=R28-1
Added Pin To Net: NetName=GND Pin=R29-1
Added Pin To Net: NetName=GND Pin=R30-1
Added Pin To Net: NetName=GND Pin=R31-1
Added Pin To Net: NetName=GND Pin=R32-1
Added Pin To Net: NetName=GND Pin=R33-1
Added Pin To Net: NetName=GND Pin=S1-2
Added Pin To Net: NetName=GND Pin=T1-2
Added Pin To Net: NetName=GND Pin=T1-4
Added Pin To Net: NetName=GND Pin=U1-7
Added Pin To Net: NetName=GND Pin=U2-7
Added Pin To Net: NetName=GND Pin=U3-7
Added Pin To Net: NetName=GND Pin=U4-6
Added Pin To Net: NetName=GND Pin=U4-29
Added Pin To Net: NetName=GND Pin=U5-4
Added Net: Name=GND
Added Pin To Net: NetName=H1_M Pin=J1-9
Added Net: Name=H1_M
Added Pin To Net: NetName=H2_M Pin=J1-6
Added Net: Name=H2_M
Added Pin To Net: NetName=H2_OUT Pin=U2-3
Added Net: Name=H2_OUT
Added Pin To Net: NetName=H3_M Pin=J1-3
Added Net: Name=H3_M
Added Pin To Net: NetName=ICSPCLK Pin=U4-16
Added Net: Name=ICSPCLK
Added Pin To Net: NetName=ICSPDAT Pin=J5-4
Added Pin To Net: NetName=ICSPDAT Pin=U4-17
Added Net: Name=ICSPDAT
Added Pin To Net: NetName=L1_M Pin=J1-8
Added Net: Name=L1_M
Added Pin To Net: NetName=L1_OUT Pin=U1-8
Added Net: Name=L1_OUT
Added Pin To Net: NetName=L2_M Pin=J1-5
Added Net: Name=L2_M
Added Pin To Net: NetName=L2_OUT Pin=U2-8
Added Net: Name=L2_OUT
Added Pin To Net: NetName=L3_M Pin=J1-2
Added Net: Name=L3_M
Added Pin To Net: NetName=L3_OUT Pin=U3-8
Added Net: Name=L3_OUT
Added Net: Name=LVP
Added Pin To Net: NetName=MCLR Pin=J5-1
Added Net: Name=MCLR
Added Pin To Net: NetName=NetC4_1 Pin=C4-1
Added Pin To Net: NetName=NetC4_1 Pin=D1-2
Added Pin To Net: NetName=NetC4_1 Pin=U1-2
Added Net: Name=NetC4_1
Added Pin To Net: NetName=NetC4_2 Pin=C4-2
Added Pin To Net: NetName=NetC4_2 Pin=U1-4
Added Net: Name=NetC4_2
Added Pin To Net: NetName=NetC5_1 Pin=C5-1
Added Pin To Net: NetName=NetC5_1 Pin=D2-2
Added Pin To Net: NetName=NetC5_1 Pin=U2-2
Added Net: Name=NetC5_1
Added Pin To Net: NetName=NetC5_2 Pin=C5-2
Added Pin To Net: NetName=NetC5_2 Pin=U2-4
Added Net: Name=NetC5_2
Added Pin To Net: NetName=NetC6_1 Pin=C6-1
Added Pin To Net: NetName=NetC6_1 Pin=D3-2
Added Pin To Net: NetName=NetC6_1 Pin=U3-2
Added Net: Name=NetC6_1
Added Pin To Net: NetName=NetC6_2 Pin=C6-2
Added Pin To Net: NetName=NetC6_2 Pin=U3-4
Added Net: Name=NetC6_2
Added Pin To Net: NetName=NetJ2_1 Pin=J2-1
Added Pin To Net: NetName=NetJ2_1 Pin=R7-2
Added Pin To Net: NetName=NetJ2_1 Pin=R11-2
Added Net: Name=NetJ2_1
Added Pin To Net: NetName=NetJ2_2 Pin=J2-2
Added Pin To Net: NetName=NetJ2_2 Pin=R8-2
Added Pin To Net: NetName=NetJ2_2 Pin=R14-2
Added Net: Name=NetJ2_2
Added Pin To Net: NetName=NetJ2_3 Pin=J2-3
Added Pin To Net: NetName=NetJ2_3 Pin=R13-2
Added Pin To Net: NetName=NetJ2_3 Pin=R15-2
Added Net: Name=NetJ2_3
Added Pin To Net: NetName=NetLED1_A Pin=LED1-A
Added Pin To Net: NetName=NetLED1_A Pin=U4-38
Added Net: Name=NetLED1_A
Added Pin To Net: NetName=NetLED1_K Pin=LED1-K
Added Pin To Net: NetName=NetLED1_K Pin=R28-2
Added Net: Name=NetLED1_K
Added Pin To Net: NetName=NetLED2_A Pin=LED2-A
Added Pin To Net: NetName=NetLED2_A Pin=U4-39
Added Net: Name=NetLED2_A
Added Pin To Net: NetName=NetLED2_K Pin=LED2-K
Added Pin To Net: NetName=NetLED2_K Pin=R29-2
Added Net: Name=NetLED2_K
Added Pin To Net: NetName=NetLED3_A Pin=LED3-A
Added Pin To Net: NetName=NetLED3_A Pin=U4-40
Added Net: Name=NetLED3_A
Added Pin To Net: NetName=NetLED3_K Pin=LED3-K
Added Pin To Net: NetName=NetLED3_K Pin=R30-2
Added Net: Name=NetLED3_K
Added Pin To Net: NetName=NetLED4_A Pin=LED4-A
Added Pin To Net: NetName=NetLED4_A Pin=U4-41
Added Net: Name=NetLED4_A
Added Pin To Net: NetName=NetLED4_K Pin=LED4-K
Added Pin To Net: NetName=NetLED4_K Pin=R31-2
Added Net: Name=NetLED4_K
Added Pin To Net: NetName=NetLED5_A Pin=LED5-A
Added Pin To Net: NetName=NetLED5_A Pin=U4-2
Added Net: Name=NetLED5_A
Added Pin To Net: NetName=NetLED5_K Pin=LED5-K
Added Pin To Net: NetName=NetLED5_K Pin=R32-2
Added Net: Name=NetLED5_K
Added Pin To Net: NetName=NetLED6_A Pin=LED6-A
Added Pin To Net: NetName=NetLED6_A Pin=U4-3
Added Net: Name=NetLED6_A
Added Pin To Net: NetName=NetLED6_K Pin=LED6-K
Added Pin To Net: NetName=NetLED6_K Pin=R33-2
Added Net: Name=NetLED6_K
Added Pin To Net: NetName=NetR1_1 Pin=R1-1
Added Pin To Net: NetName=NetR1_1 Pin=R2-2
Added Pin To Net: NetName=NetR1_1 Pin=U4-18
Added Net: Name=NetR1_1
Added Pin To Net: NetName=NetR2_1 Pin=R2-1
Added Pin To Net: NetName=NetR2_1 Pin=S1-1
Added Net: Name=NetR2_1
Added Pin To Net: NetName=NetR3_1 Pin=U1-5
Added Net: Name=NetR3_1
Added Pin To Net: NetName=NetR3_2 Pin=U4-32
Added Net: Name=NetR3_2
Added Pin To Net: NetName=NetR4_1 Pin=U1-6
Added Net: Name=NetR4_1
Added Pin To Net: NetName=NetR4_2 Pin=U4-35
Added Net: Name=NetR4_2
Added Pin To Net: NetName=NetR5_1 Pin=U2-5
Added Net: Name=NetR5_1
Added Pin To Net: NetName=NetR5_2 Pin=U4-36
Added Net: Name=NetR5_2
Added Pin To Net: NetName=NetR6_1 Pin=U2-6
Added Net: Name=NetR6_1
Added Pin To Net: NetName=NetR6_2 Pin=U4-37
Added Net: Name=NetR6_2
Added Pin To Net: NetName=NetR9_1 Pin=U3-5
Added Net: Name=NetR9_1
Added Pin To Net: NetName=NetR9_2 Pin=U4-42
Added Net: Name=NetR9_2
Added Pin To Net: NetName=NetR10_1 Pin=U3-6
Added Net: Name=NetR10_1
Added Pin To Net: NetName=NetR10_2 Pin=U4-43
Added Net: Name=NetR10_2
Added Pin To Net: NetName=NetR19_2 Pin=U1-3
Added Net: Name=NetR19_2
Added Pin To Net: NetName=NetR23_2 Pin=U3-3
Added Net: Name=NetR23_2
Added Pin To Net: NetName=SENSEA Pin=R11-1
Added Pin To Net: NetName=SENSEA Pin=U4-25
Added Net: Name=SENSEA
Added Pin To Net: NetName=SENSEB Pin=R14-1
Added Pin To Net: NetName=SENSEB Pin=U4-26
Added Net: Name=SENSEB
Added Pin To Net: NetName=SENSEC Pin=R15-1
Added Pin To Net: NetName=SENSEC Pin=U4-27
Added Net: Name=SENSEC
Added Pin To Net: NetName=V_SHUNT Pin=J3-1
Added Pin To Net: NetName=V_SHUNT Pin=U4-23
Added Net: Name=V_SHUNT
Added Pin To Net: NetName=VB1 Pin=J1-1
Added Pin To Net: NetName=VB1 Pin=R16-2
Added Net: Name=VB1
Added Pin To Net: NetName=VB2 Pin=J1-4
Added Pin To Net: NetName=VB2 Pin=R18-2
Added Net: Name=VB2
Added Pin To Net: NetName=VB3 Pin=J1-7
Added Pin To Net: NetName=VB3 Pin=R25-2
Added Net: Name=VB3
Added Pin To Net: NetName=VCC Pin=C1-1
Added Pin To Net: NetName=VCC Pin=C2-1
Added Pin To Net: NetName=VCC Pin=C3-1
Added Pin To Net: NetName=VCC Pin=C14-1
Added Pin To Net: NetName=VCC Pin=D1-1
Added Pin To Net: NetName=VCC Pin=D2-1
Added Pin To Net: NetName=VCC Pin=D3-1
Added Pin To Net: NetName=VCC Pin=U1-1
Added Pin To Net: NetName=VCC Pin=U2-1
Added Pin To Net: NetName=VCC Pin=U3-1
Added Pin To Net: NetName=VCC Pin=U5-1
Added Net: Name=VCC
Added Pin To Net: NetName=VL1 Pin=R16-1
Added Pin To Net: NetName=VL1 Pin=R17-1
Added Pin To Net: NetName=VL1 Pin=U4-19
Added Net: Name=VL1
Added Pin To Net: NetName=VL2 Pin=R18-1
Added Pin To Net: NetName=VL2 Pin=R24-1
Added Pin To Net: NetName=VL2 Pin=U4-20
Added Net: Name=VL2
Added Pin To Net: NetName=VL3 Pin=R25-1
Added Pin To Net: NetName=VL3 Pin=R26-1
Added Pin To Net: NetName=VL3 Pin=U4-21
Added Net: Name=VL3
Added Class: Name=Gate-Driver
Added Class: Name=MotorMCU
Added Room: Name=Gate-Driver
Added Room: Name=MotorMCU
