Removed Pin From Net: NetName=5V Pin=C10-1
Removed Pin From Net: NetName=VCC Pin=C14-1
Removed Pin From Net: NetName=GND Pin=LED1-K
Removed Pin From Net: NetName=GND Pin=LED2-K
Removed Pin From Net: NetName=GND Pin=LED3-K
Removed Pin From Net: NetName=GND Pin=LED4-K
Removed Pin From Net: NetName=GND Pin=LED5-K
Removed Pin From Net: NetName=GND Pin=LED6-K
Removed Pin From Net: NetName=VL2 Pin=R24-1
Removed Pin From Net: NetName=GND Pin=R24-2
Removed Pin From Net: NetName=VL3 Pin=R26-1
Removed Pin From Net: NetName=GND Pin=R26-2
Removed Member From Class: ClassName=MotorMCU Member=LED1
Removed Member From Class: ClassName=MotorMCU Member=LED2
Removed Member From Class: ClassName=MotorMCU Member=LED3
Removed Member From Class: ClassName=MotorMCU Member=LED4
Removed Member From Class: ClassName=MotorMCU Member=LED5
Removed Member From Class: ClassName=MotorMCU Member=LED6
Removed Member From Class: ClassName=MotorMCU Member=R24
Removed Member From Class: ClassName=MotorMCU Member=R26
Change Component DesignItemId : Designator=C7 Old DesignItemId=CAP-0.1uF-16V-CER-0402(1005) New DesignItemId=CAP- 0.1 uF- 16 V-CER-0402(1005)
Change Component DesignItemId : Designator=C10 Old DesignItemId=CAP- 0.1 uF- 16 V-CER-0402(1005) New DesignItemId=CAP-0.1uF-16V-CER-0402(1005)
Change Component DesignItemId : Designator=C11 Old DesignItemId=CAP- 0.1 uF- 16 V-CER-0402(1005) New DesignItemId=CAP-0.1uF-16V-CER-0402(1005)
Change Component DesignItemId : Designator=C12 Old DesignItemId=CAP- 18 pF- 10 V-CER-0603(1608) New DesignItemId=CAP- 18 pF- 25 V-CER-0603(1608)
Change Component DesignItemId : Designator=C13 Old DesignItemId=CAP- 18 pF- 10 V-CER-0603(1608) New DesignItemId=CAP- 18 pF- 25 V-CER-0603(1608)
Change Component DesignItemId : Designator=R17 Old DesignItemId=R-226-62.5 mW-0402(1005) New DesignItemId=R-220-100 mW-0603(1608)
Change Component Footprint: Designator=R17 Old Footprint=R-0402(1005)-R New Footprint=R-0603(1608)-R
Change Component Comment : Designator=C7 Old Comment=0.1µF New Comment=0.1 µF
Change Component Comment : Designator=C10 Old Comment=0.1 µF New Comment=0.1µF
Change Component Comment : Designator=C11 Old Comment=0.1 µF New Comment=0.1µF
Change Component Comment : Designator=R17 Old Comment=226 New Comment=220
Change Component Description : Designator=C10 Old Description=CAP CER 0.1 UF 16V 5% X7R 0402 New Description=CAP CER 0.1UF 16V 10% X7R 0402
Change Component Description : Designator=C11 Old Description=CAP CER 0.1 UF 16V 5% X7R 0402 New Description=CAP CER 0.1UF 16V 10% X7R 0402
Change Component Description : Designator=C7 Old Description=CAP CER 0.1UF 16V 10% X7R 0402 New Description=CAP CER 0.1 UF 16V 5% X7R 0402
Change Component Description : Designator=C12 Old Description=CAP CER 18 pF 10V 5% X7R 0603 New Description=CAP CER 18 pF 10V 5% C0G 0603
Change Component Description : Designator=C13 Old Description=CAP CER 18 pF 10V 5% X7R 0603 New Description=CAP CER 18 pF 10V 5% C0G 0603
Change Component Library : Designator=C10 Old Library=CarlLibrary.SchLib New Library=MasterLibrary.SchLib
Change Component Library : Designator=C11 Old Library=CarlLibrary.SchLib New Library=MasterLibrary.SchLib
Change Component Library : Designator=C7 Old Library=MasterLibrary.SchLib New Library=CarlLibrary.SchLib
Added Component: Designator=D4(LED-0805-K)
Added Component: Designator=D5(LED-0805-K)
Added Component: Designator=D6(LED-0805-K)
Added Component: Designator=D7(LED-0805-K)
Added Component: Designator=D8(LED-0805-K)
Added Component: Designator=D9(LED-0805-K)
Added Component: Designator=R20(R-0603(1608)-R)
Added Component: Designator=R22(R-0603(1608)-R)
Added Pin To Net: NetName=VCC Pin=C10-1
Added Pin To Net: NetName=5V Pin=C14-1
Added Pin To Net: NetName=GND Pin=D4-K
Added Pin To Net: NetName=GND Pin=D5-K
Added Pin To Net: NetName=GND Pin=D6-K
Added Pin To Net: NetName=GND Pin=D7-K
Added Pin To Net: NetName=GND Pin=D8-K
Added Pin To Net: NetName=GND Pin=D9-K
Added Pin To Net: NetName=VL2 Pin=R20-1
Added Pin To Net: NetName=GND Pin=R20-2
Added Pin To Net: NetName=VL3 Pin=R22-1
Added Pin To Net: NetName=GND Pin=R22-2
Added Pin To Net: NetName=NetD4_A Pin=D4-A
Added Pin To Net: NetName=NetD4_A Pin=R28-1
Added Net: Name=NetD4_A
Added Pin To Net: NetName=NetD5_A Pin=D5-A
Added Pin To Net: NetName=NetD5_A Pin=R29-1
Added Net: Name=NetD5_A
Added Pin To Net: NetName=NetD6_A Pin=D6-A
Added Pin To Net: NetName=NetD6_A Pin=R30-1
Added Net: Name=NetD6_A
Added Pin To Net: NetName=NetD7_A Pin=D7-A
Added Pin To Net: NetName=NetD7_A Pin=R31-1
Added Net: Name=NetD7_A
Added Pin To Net: NetName=NetD8_A Pin=D8-A
Added Pin To Net: NetName=NetD8_A Pin=R32-1
Added Net: Name=NetD8_A
Added Pin To Net: NetName=NetD9_A Pin=D9-A
Added Pin To Net: NetName=NetD9_A Pin=R33-1
Added Net: Name=NetD9_A
Added Member To Class: ClassName=MotorMCU Member=Component D4 Red
Added Member To Class: ClassName=MotorMCU Member=Component D5 Red
Added Member To Class: ClassName=MotorMCU Member=Component D6 Red
Added Member To Class: ClassName=MotorMCU Member=Component D7 Red
Added Member To Class: ClassName=MotorMCU Member=Component D8 Red
Added Member To Class: ClassName=MotorMCU Member=Component D9 Red
Added Member To Class: ClassName=MotorMCU Member=Component R20 220
Added Member To Class: ClassName=MotorMCU Member=Component R22 220
