Removed Pin From Net: NetName=5V Pin=J6-1
Removed Pin From Net: NetName=RX Pin=R34-1
Removed Pin From Net: NetName=NetJ6_2 Pin=R34-2
Removed Pin From Net: NetName=TX Pin=R35-1
Removed Pin From Net: NetName=NetJ6_3 Pin=R35-2
Removed Member From Class: ClassName=Gate-Driver Member=R23
Removed Member From Class: ClassName=Gate-Driver Member=R27
Removed Member From Class: ClassName=MotorMCU Member=R34
Removed Member From Class: ClassName=MotorMCU Member=R35
Added Component: Designator=C22(CAP-0603(1608)-R)
Added Component: Designator=C23(CAP-0603(1608)-R)
Added Component: Designator=C24(CAP-0402(1005)-R)
Added Component: Designator=C25(CAP-0402(1005)-R)
Added Component: Designator=D10(LED-0805-K)
Added Component: Designator=D11(LED-0805-K)
Added Component: Designator=R13(R-0603(1608)-R)
Added Component: Designator=R14(R-0603(1608)-R)
Added Component: Designator=R15(R-0603(1608)-R)
Added Component: Designator=R30(R-0603(1608)-R)
Added Component: Designator=R31(R-0603(1608)-R)
Added Component: Designator=R32(R-0603(1608)-R)
Added Pin To Net: NetName=GND Pin=C22-2
Added Pin To Net: NetName=GND Pin=C23-2
Added Pin To Net: NetName=GND Pin=D10-K
Added Pin To Net: NetName=GND Pin=D11-K
Added Pin To Net: NetName=NetJ6_2 Pin=R13-2
Added Pin To Net: NetName=NetJ6_3 Pin=R14-2
Added Pin To Net: NetName=GND Pin=R30-1
Added Pin To Net: NetName=NetC22_1 Pin=C22-1
Added Pin To Net: NetName=NetC22_1 Pin=R14-1
Added Net: Name=NetC22_1
Added Pin To Net: NetName=NetC23_1 Pin=C23-1
Added Pin To Net: NetName=NetC23_1 Pin=R13-1
Added Net: Name=NetC23_1
Added Pin To Net: NetName=NetD10_A Pin=D10-A
Added Pin To Net: NetName=NetD10_A Pin=R31-2
Added Net: Name=NetD10_A
Added Pin To Net: NetName=NetD11_A Pin=D11-A
Added Pin To Net: NetName=NetD11_A Pin=R32-2
Added Net: Name=NetD11_A
Added Pin To Net: NetName=NetJ6_1 Pin=J6-1
Added Pin To Net: NetName=NetJ6_1 Pin=R15-2
Added Net: Name=NetJ6_1
Added Pin To Net: NetName=NetR15_1 Pin=R15-1
Added Pin To Net: NetName=NetR15_1 Pin=R30-2
Added Net: Name=NetR15_1
Added Member To Class: ClassName=MotorMCU Member=Component C22 47 pF
Added Member To Class: ClassName=MotorMCU Member=Component C23 47 pF
Added Member To Class: ClassName=MotorMCU Member=Component C24 0.1 µF
Added Member To Class: ClassName=MotorMCU Member=Component C25 0.1 µF
Added Member To Class: ClassName=MotorMCU Member=Component D10 Red
Added Member To Class: ClassName=MotorMCU Member=Component D11 Red
Added Member To Class: ClassName=MotorMCU Member=Component R13 27
Added Member To Class: ClassName=MotorMCU Member=Component R14 27
Added Member To Class: ClassName=MotorMCU Member=Component R15 10k
Added Member To Class: ClassName=MotorMCU Member=Component R24 60.4
Added Member To Class: ClassName=MotorMCU Member=Component R26 60.4
Added Member To Class: ClassName=MotorMCU Member=Component R30 4.7K
Added Member To Class: ClassName=MotorMCU Member=Component R31 60.4
Added Member To Class: ClassName=MotorMCU Member=Component R32 60.4
Added Room: Name=Gate-Driver
Added Room: Name=MotorMCU
